This is pdfTeX, Version 3.141592653-2.6-1.40.24 (MiKTeX 22.3) (preloaded format=pdflatex 2022.4.23)  27 MAY 2023 01:17
entering extended mode
 restricted \write18 enabled.
 %&-line parsing enabled.
**./TESIS_BEAMER.tex
(TESIS_BEAMER.tex
LaTeX2e <2021-11-15> patch level 1
L3 programming layer <2022-04-10>
(C:\Users\jamil\AppData\Roaming\MiKTeX\tex/latex/beamer\beamer.cls
Document Class: beamer 2022/05/17 v3.67 A class for typesetting presentations
(C:\Users\jamil\AppData\Roaming\MiKTeX\tex/latex/beamer\beamerbasemodes.sty
(C:\Program Files\MiKTeX\tex/latex/etoolbox\etoolbox.sty
Package: etoolbox 2020/10/05 v2.5k e-TeX tools for LaTeX (JAW)
\etb@tempcnta=\count185
)
\beamer@tempbox=\box50
\beamer@tempcount=\count186
\c@beamerpauses=\count187

(C:\Users\jamil\AppData\Roaming\MiKTeX\tex/latex/beamer\beamerbasedecode.sty
\beamer@slideinframe=\count188
\beamer@minimum=\count189
\beamer@decode@box=\box51
)
\beamer@commentbox=\box52
\beamer@modecount=\count190
)
(C:\Program Files\MiKTeX\tex/generic/iftex\iftex.sty
Package: iftex 2022/02/03 v1.0f TeX engine tests
)
\headdp=\dimen138
\footheight=\dimen139
\sidebarheight=\dimen140
\beamer@tempdim=\dimen141
\beamer@finalheight=\dimen142
\beamer@animht=\dimen143
\beamer@animdp=\dimen144
\beamer@animwd=\dimen145
\beamer@leftmargin=\dimen146
\beamer@rightmargin=\dimen147
\beamer@leftsidebar=\dimen148
\beamer@rightsidebar=\dimen149
\beamer@boxsize=\dimen150
\beamer@vboxoffset=\dimen151
\beamer@descdefault=\dimen152
\beamer@descriptionwidth=\dimen153
\beamer@lastskip=\skip47
\beamer@areabox=\box53
\beamer@animcurrent=\box54
\beamer@animshowbox=\box55
\beamer@sectionbox=\box56
\beamer@logobox=\box57
\beamer@linebox=\box58
\beamer@sectioncount=\count191
\beamer@subsubsectionmax=\count192
\beamer@subsectionmax=\count193
\beamer@sectionmax=\count194
\beamer@totalheads=\count195
\beamer@headcounter=\count196
\beamer@partstartpage=\count197
\beamer@sectionstartpage=\count198
\beamer@subsectionstartpage=\count199
\beamer@animationtempa=\count266
\beamer@animationtempb=\count267
\beamer@xpos=\count268
\beamer@ypos=\count269
\beamer@ypos@offset=\count270
\beamer@showpartnumber=\count271
\beamer@currentsubsection=\count272
\beamer@coveringdepth=\count273
\beamer@sectionadjust=\count274
\beamer@toclastsection=\count275
\beamer@tocsectionnumber=\count276

(C:\Users\jamil\AppData\Roaming\MiKTeX\tex/latex/beamer\beamerbaseoptions.sty
(C:\Program Files\MiKTeX\tex/latex/graphics\keyval.sty
Package: keyval 2014/10/28 v1.15 key=value parser (DPC)
\KV@toks@=\toks16
))
\beamer@paperwidth=\skip48
\beamer@paperheight=\skip49

(C:\Users\jamil\AppData\Roaming\MiKTeX\tex/latex/geometry\geometry.sty
Package: geometry 2020/01/02 v5.9 Page Geometry

(C:\Program Files\MiKTeX\tex/generic/iftex\ifvtex.sty
Package: ifvtex 2019/10/25 v1.7 ifvtex legacy package. Use iftex instead.
)
\Gm@cnth=\count277
\Gm@cntv=\count278
\c@Gm@tempcnt=\count279
\Gm@bindingoffset=\dimen154
\Gm@wd@mp=\dimen155
\Gm@odd@mp=\dimen156
\Gm@even@mp=\dimen157
\Gm@layoutwidth=\dimen158
\Gm@layoutheight=\dimen159
\Gm@layouthoffset=\dimen160
\Gm@layoutvoffset=\dimen161
\Gm@dimlist=\toks17

(C:\Users\jamil\AppData\Roaming\MiKTeX\tex/latex/geometry\geometry.cfg))
(C:\Program Files\MiKTeX\tex/latex/pgf/math\pgfmath.sty
(C:\Program Files\MiKTeX\tex/latex/pgf/utilities\pgfrcs.sty
(C:\Program Files\MiKTeX\tex/generic/pgf/utilities\pgfutil-common.tex
\pgfutil@everybye=\toks18
\pgfutil@tempdima=\dimen162
\pgfutil@tempdimb=\dimen163

(C:\Program Files\MiKTeX\tex/generic/pgf/utilities\pgfutil-common-lists.tex))
(C:\Program Files\MiKTeX\tex/generic/pgf/utilities\pgfutil-latex.def
\pgfutil@abb=\box59
)
(C:\Program Files\MiKTeX\tex/generic/pgf/utilities\pgfrcs.code.tex
(C:\Program Files\MiKTeX\tex/generic/pgf\pgf.revision.tex)
Package: pgfrcs 2021/05/15 v3.1.9a (3.1.9a)
))
(C:\Program Files\MiKTeX\tex/latex/pgf/utilities\pgfkeys.sty
(C:\Program Files\MiKTeX\tex/generic/pgf/utilities\pgfkeys.code.tex
\pgfkeys@pathtoks=\toks19
\pgfkeys@temptoks=\toks20

(C:\Program Files\MiKTeX\tex/generic/pgf/utilities\pgfkeysfiltered.code.tex
\pgfkeys@tmptoks=\toks21
)))
(C:\Program Files\MiKTeX\tex/generic/pgf/math\pgfmath.code.tex
(C:\Program Files\MiKTeX\tex/generic/pgf/math\pgfmathcalc.code.tex
(C:\Program Files\MiKTeX\tex/generic/pgf/math\pgfmathutil.code.tex
\pgf@x=\dimen164
\pgf@xa=\dimen165
\pgf@xb=\dimen166
\pgf@xc=\dimen167
\pgf@y=\dimen168
\pgf@ya=\dimen169
\pgf@yb=\dimen170
\pgf@yc=\dimen171
\c@pgf@counta=\count280
\c@pgf@countb=\count281
\c@pgf@countc=\count282
\c@pgf@countd=\count283
)
(C:\Program Files\MiKTeX\tex/generic/pgf/math\pgfmathparser.code.tex
\pgfmath@dimen=\dimen172
\pgfmath@count=\count284
\pgfmath@box=\box60
\pgfmath@toks=\toks22
\pgfmath@stack@operand=\toks23
\pgfmath@stack@operation=\toks24
)
(C:\Program Files\MiKTeX\tex/generic/pgf/math\pgfmathfunctions.code.tex
(C:\Program Files\MiKTeX\tex/generic/pgf/math\pgfmathfunctions.basic.code.tex)
(C:\Program Files\MiKTeX\tex/generic/pgf/math\pgfmathfunctions.trigonometric.co
de.tex)
(C:\Program Files\MiKTeX\tex/generic/pgf/math\pgfmathfunctions.random.code.tex)

(C:\Program Files\MiKTeX\tex/generic/pgf/math\pgfmathfunctions.comparison.code.
tex)
(C:\Program Files\MiKTeX\tex/generic/pgf/math\pgfmathfunctions.base.code.tex)
(C:\Program Files\MiKTeX\tex/generic/pgf/math\pgfmathfunctions.round.code.tex)
(C:\Program Files\MiKTeX\tex/generic/pgf/math\pgfmathfunctions.misc.code.tex)
(C:\Program Files\MiKTeX\tex/generic/pgf/math\pgfmathfunctions.integerarithmeti
cs.code.tex)))
(C:\Program Files\MiKTeX\tex/generic/pgf/math\pgfmathfloat.code.tex
\c@pgfmathroundto@lastzeros=\count285
)))
(C:\Program Files\MiKTeX\tex/latex/base\size10.clo
File: size10.clo 2021/10/04 v1.4n Standard LaTeX file (size option)
)
(C:\Program Files\MiKTeX\tex/latex/pgf/basiclayer\pgfcore.sty
(C:\Program Files\MiKTeX\tex/latex/graphics\graphicx.sty
Package: graphicx 2021/09/16 v1.2d Enhanced LaTeX Graphics (DPC,SPQR)

(C:\Program Files\MiKTeX\tex/latex/graphics\graphics.sty
Package: graphics 2021/03/04 v1.4d Standard LaTeX Graphics (DPC,SPQR)

(C:\Program Files\MiKTeX\tex/latex/graphics\trig.sty
Package: trig 2021/08/11 v1.11 sin cos tan (DPC)
)
(C:\Program Files\MiKTeX\tex/latex/graphics-cfg\graphics.cfg
File: graphics.cfg 2016/06/04 v1.11 sample graphics configuration
)
Package graphics Info: Driver file: pdftex.def on input line 107.

(C:\Program Files\MiKTeX\tex/latex/graphics-def\pdftex.def
File: pdftex.def 2020/10/05 v1.2a Graphics/color driver for pdftex
))
\Gin@req@height=\dimen173
\Gin@req@width=\dimen174
)
(C:\Program Files\MiKTeX\tex/latex/pgf/systemlayer\pgfsys.sty
(C:\Program Files\MiKTeX\tex/generic/pgf/systemlayer\pgfsys.code.tex
Package: pgfsys 2021/05/15 v3.1.9a (3.1.9a)

(C:\Program Files\MiKTeX\tex/generic/pgf/utilities\pgfkeys.code.tex)
\pgf@x=\dimen175
\pgf@y=\dimen176
\pgf@xa=\dimen177
\pgf@ya=\dimen178
\pgf@xb=\dimen179
\pgf@yb=\dimen180
\pgf@xc=\dimen181
\pgf@yc=\dimen182
\pgf@xd=\dimen183
\pgf@yd=\dimen184
\w@pgf@writea=\write3
\r@pgf@reada=\read2
\c@pgf@counta=\count286
\c@pgf@countb=\count287
\c@pgf@countc=\count288
\c@pgf@countd=\count289
\t@pgf@toka=\toks25
\t@pgf@tokb=\toks26
\t@pgf@tokc=\toks27
\pgf@sys@id@count=\count290

(C:\Program Files\MiKTeX\tex/generic/pgf/systemlayer\pgf.cfg
File: pgf.cfg 2021/05/15 v3.1.9a (3.1.9a)
)
Driver file for pgf: pgfsys-pdftex.def

(C:\Program Files\MiKTeX\tex/generic/pgf/systemlayer\pgfsys-pdftex.def
File: pgfsys-pdftex.def 2021/05/15 v3.1.9a (3.1.9a)

(C:\Program Files\MiKTeX\tex/generic/pgf/systemlayer\pgfsys-common-pdf.def
File: pgfsys-common-pdf.def 2021/05/15 v3.1.9a (3.1.9a)
)))
(C:\Program Files\MiKTeX\tex/generic/pgf/systemlayer\pgfsyssoftpath.code.tex
File: pgfsyssoftpath.code.tex 2021/05/15 v3.1.9a (3.1.9a)
\pgfsyssoftpath@smallbuffer@items=\count291
\pgfsyssoftpath@bigbuffer@items=\count292
)
(C:\Program Files\MiKTeX\tex/generic/pgf/systemlayer\pgfsysprotocol.code.tex
File: pgfsysprotocol.code.tex 2021/05/15 v3.1.9a (3.1.9a)
))
(C:\Program Files\MiKTeX\tex/latex/xcolor\xcolor.sty
Package: xcolor 2021/10/31 v2.13 LaTeX color extensions (UK)

(C:\Program Files\MiKTeX\tex/latex/graphics-cfg\color.cfg
File: color.cfg 2016/01/02 v1.6 sample color configuration
)
Package xcolor Info: Driver file: pdftex.def on input line 227.

(C:\Users\jamil\AppData\Roaming\MiKTeX\tex/latex/colortbl\colortbl.sty
Package: colortbl 2020/01/04 v1.0e Color table columns (DPC)

(C:\Program Files\MiKTeX\tex/latex/tools\array.sty
Package: array 2021/10/04 v2.5f Tabular extension package (FMi)
\col@sep=\dimen185
\ar@mcellbox=\box61
\extrarowheight=\dimen186
\NC@list=\toks28
\extratabsurround=\skip50
\backup@length=\skip51
\ar@cellbox=\box62
)
\everycr=\toks29
\minrowclearance=\skip52
)
\rownum=\count293
Package xcolor Info: Model `cmy' substituted by `cmy0' on input line 1352.
Package xcolor Info: Model `hsb' substituted by `rgb' on input line 1356.
Package xcolor Info: Model `RGB' extended on input line 1368.
Package xcolor Info: Model `HTML' substituted by `rgb' on input line 1370.
Package xcolor Info: Model `Hsb' substituted by `hsb' on input line 1371.
Package xcolor Info: Model `tHsb' substituted by `hsb' on input line 1372.
Package xcolor Info: Model `HSB' substituted by `hsb' on input line 1373.
Package xcolor Info: Model `Gray' substituted by `gray' on input line 1374.
Package xcolor Info: Model `wave' substituted by `hsb' on input line 1375.

(C:\Program Files\MiKTeX\tex/latex/graphics\dvipsnam.def
File: dvipsnam.def 2016/06/17 v3.0m Driver-dependent file (DPC,SPQR)
))
(C:\Program Files\MiKTeX\tex/generic/pgf/basiclayer\pgfcore.code.tex
Package: pgfcore 2021/05/15 v3.1.9a (3.1.9a)

(C:\Program Files\MiKTeX\tex/generic/pgf/math\pgfmath.code.tex)
(C:\Program Files\MiKTeX\tex/generic/pgf/math\pgfint.code.tex)
(C:\Program Files\MiKTeX\tex/generic/pgf/basiclayer\pgfcorepoints.code.tex
File: pgfcorepoints.code.tex 2021/05/15 v3.1.9a (3.1.9a)
\pgf@picminx=\dimen187
\pgf@picmaxx=\dimen188
\pgf@picminy=\dimen189
\pgf@picmaxy=\dimen190
\pgf@pathminx=\dimen191
\pgf@pathmaxx=\dimen192
\pgf@pathminy=\dimen193
\pgf@pathmaxy=\dimen194
\pgf@xx=\dimen195
\pgf@xy=\dimen196
\pgf@yx=\dimen197
\pgf@yy=\dimen198
\pgf@zx=\dimen199
\pgf@zy=\dimen256
)
(C:\Program Files\MiKTeX\tex/generic/pgf/basiclayer\pgfcorepathconstruct.code.t
ex
File: pgfcorepathconstruct.code.tex 2021/05/15 v3.1.9a (3.1.9a)
\pgf@path@lastx=\dimen257
\pgf@path@lasty=\dimen258
)
(C:\Program Files\MiKTeX\tex/generic/pgf/basiclayer\pgfcorepathusage.code.tex
File: pgfcorepathusage.code.tex 2021/05/15 v3.1.9a (3.1.9a)
\pgf@shorten@end@additional=\dimen259
\pgf@shorten@start@additional=\dimen260
)
(C:\Program Files\MiKTeX\tex/generic/pgf/basiclayer\pgfcorescopes.code.tex
File: pgfcorescopes.code.tex 2021/05/15 v3.1.9a (3.1.9a)
\pgfpic=\box63
\pgf@hbox=\box64
\pgf@layerbox@main=\box65
\pgf@picture@serial@count=\count294
)
(C:\Program Files\MiKTeX\tex/generic/pgf/basiclayer\pgfcoregraphicstate.code.te
x
File: pgfcoregraphicstate.code.tex 2021/05/15 v3.1.9a (3.1.9a)
\pgflinewidth=\dimen261
)
(C:\Program Files\MiKTeX\tex/generic/pgf/basiclayer\pgfcoretransformations.code
.tex
File: pgfcoretransformations.code.tex 2021/05/15 v3.1.9a (3.1.9a)
\pgf@pt@x=\dimen262
\pgf@pt@y=\dimen263
\pgf@pt@temp=\dimen264
) (C:\Program Files\MiKTeX\tex/generic/pgf/basiclayer\pgfcorequick.code.tex
File: pgfcorequick.code.tex 2021/05/15 v3.1.9a (3.1.9a)
) (C:\Program Files\MiKTeX\tex/generic/pgf/basiclayer\pgfcoreobjects.code.tex
File: pgfcoreobjects.code.tex 2021/05/15 v3.1.9a (3.1.9a)
)
(C:\Program Files\MiKTeX\tex/generic/pgf/basiclayer\pgfcorepathprocessing.code.
tex
File: pgfcorepathprocessing.code.tex 2021/05/15 v3.1.9a (3.1.9a)
) (C:\Program Files\MiKTeX\tex/generic/pgf/basiclayer\pgfcorearrows.code.tex
File: pgfcorearrows.code.tex 2021/05/15 v3.1.9a (3.1.9a)
\pgfarrowsep=\dimen265
) (C:\Program Files\MiKTeX\tex/generic/pgf/basiclayer\pgfcoreshade.code.tex
File: pgfcoreshade.code.tex 2021/05/15 v3.1.9a (3.1.9a)
\pgf@max=\dimen266
\pgf@sys@shading@range@num=\count295
\pgf@shadingcount=\count296
)
(C:\Program Files\MiKTeX\tex/generic/pgf/basiclayer\pgfcoreimage.code.tex
File: pgfcoreimage.code.tex 2021/05/15 v3.1.9a (3.1.9a)

(C:\Program Files\MiKTeX\tex/generic/pgf/basiclayer\pgfcoreexternal.code.tex
File: pgfcoreexternal.code.tex 2021/05/15 v3.1.9a (3.1.9a)
\pgfexternal@startupbox=\box66
))
(C:\Program Files\MiKTeX\tex/generic/pgf/basiclayer\pgfcorelayers.code.tex
File: pgfcorelayers.code.tex 2021/05/15 v3.1.9a (3.1.9a)
)
(C:\Program Files\MiKTeX\tex/generic/pgf/basiclayer\pgfcoretransparency.code.te
x
File: pgfcoretransparency.code.tex 2021/05/15 v3.1.9a (3.1.9a)
) (C:\Program Files\MiKTeX\tex/generic/pgf/basiclayer\pgfcorepatterns.code.tex
File: pgfcorepatterns.code.tex 2021/05/15 v3.1.9a (3.1.9a)
) (C:\Program Files\MiKTeX\tex/generic/pgf/basiclayer\pgfcorerdf.code.tex
File: pgfcorerdf.code.tex 2021/05/15 v3.1.9a (3.1.9a)
)))
(C:\Program Files\MiKTeX\tex/latex/pgf/utilities\xxcolor.sty
Package: xxcolor 2003/10/24 ver 0.1
\XC@nummixins=\count297
\XC@countmixins=\count298
)
(C:\Program Files\MiKTeX\tex/latex/base\atbegshi-ltx.sty
Package: atbegshi-ltx 2021/01/10 v1.0c Emulation of the original atbegshi
package with kernel methods
)
(C:\Program Files\MiKTeX\tex/latex/hyperref\hyperref.sty
Package: hyperref 2022-02-21 v7.00n Hypertext links for LaTeX

(C:\Users\jamil\AppData\Roaming\MiKTeX\tex/generic/ltxcmds\ltxcmds.sty
Package: ltxcmds 2020-05-10 v1.25 LaTeX kernel commands for general use (HO)
)
(C:\Program Files\MiKTeX\tex/generic/pdftexcmds\pdftexcmds.sty
Package: pdftexcmds 2020-06-27 v0.33 Utility functions of pdfTeX for LuaTeX (HO
)

(C:\Users\jamil\AppData\Roaming\MiKTeX\tex/generic/infwarerr\infwarerr.sty
Package: infwarerr 2019/12/03 v1.5 Providing info/warning/error messages (HO)
)
Package pdftexcmds Info: \pdf@primitive is available.
Package pdftexcmds Info: \pdf@ifprimitive is available.
Package pdftexcmds Info: \pdfdraftmode found.
)
(C:\Users\jamil\AppData\Roaming\MiKTeX\tex/generic/kvsetkeys\kvsetkeys.sty
Package: kvsetkeys 2019/12/15 v1.18 Key value parser (HO)
)
(C:\Users\jamil\AppData\Roaming\MiKTeX\tex/generic/kvdefinekeys\kvdefinekeys.st
y
Package: kvdefinekeys 2019-12-19 v1.6 Define keys (HO)
) (C:\Users\jamil\AppData\Roaming\MiKTeX\tex/generic/pdfescape\pdfescape.sty
Package: pdfescape 2019/12/09 v1.15 Implements pdfTeX's escape features (HO)
)
(C:\Users\jamil\AppData\Roaming\MiKTeX\tex/latex/hycolor\hycolor.sty
Package: hycolor 2020-01-27 v1.10 Color options for hyperref/bookmark (HO)
)
(C:\Users\jamil\AppData\Roaming\MiKTeX\tex/latex/letltxmacro\letltxmacro.sty
Package: letltxmacro 2019/12/03 v1.6 Let assignment for LaTeX macros (HO)
)
(C:\Users\jamil\AppData\Roaming\MiKTeX\tex/latex/auxhook\auxhook.sty
Package: auxhook 2019-12-17 v1.6 Hooks for auxiliary files (HO)
)
(C:\Users\jamil\AppData\Roaming\MiKTeX\tex/latex/kvoptions\kvoptions.sty
Package: kvoptions 2020-10-07 v3.14 Key value format for package options (HO)
)
\@linkdim=\dimen267
\Hy@linkcounter=\count299
\Hy@pagecounter=\count300

(C:\Program Files\MiKTeX\tex/latex/hyperref\pd1enc.def
File: pd1enc.def 2022-02-21 v7.00n Hyperref: PDFDocEncoding definition (HO)
Now handling font encoding PD1 ...
... no UTF-8 mapping file for font encoding PD1
)
(C:\Users\jamil\AppData\Roaming\MiKTeX\tex/generic/intcalc\intcalc.sty
Package: intcalc 2019/12/15 v1.3 Expandable calculations with integers (HO)
)
(C:\Users\jamil\AppData\Roaming\MiKTeX\tex/generic/etexcmds\etexcmds.sty
Package: etexcmds 2019/12/15 v1.7 Avoid name clashes with e-TeX commands (HO)
)
\Hy@SavedSpaceFactor=\count301

(C:\Program Files\MiKTeX\tex/latex/hyperref\puenc.def
File: puenc.def 2022-02-21 v7.00n Hyperref: PDF Unicode definition (HO)
Now handling font encoding PU ...
... no UTF-8 mapping file for font encoding PU
)
Package hyperref Info: Option `bookmarks' set `true' on input line 4018.
Package hyperref Info: Option `bookmarksopen' set `true' on input line 4018.
Package hyperref Info: Option `implicit' set `false' on input line 4018.
Package hyperref Info: Hyper figures OFF on input line 4137.
Package hyperref Info: Link nesting OFF on input line 4142.
Package hyperref Info: Hyper index ON on input line 4145.
Package hyperref Info: Plain pages OFF on input line 4152.
Package hyperref Info: Backreferencing OFF on input line 4157.
Package hyperref Info: Implicit mode OFF; no redefinition of LaTeX internals.
Package hyperref Info: Bookmarks ON on input line 4390.
\c@Hy@tempcnt=\count302

(C:\Program Files\MiKTeX\tex/latex/url\url.sty
\Urlmuskip=\muskip16
Package: url 2013/09/16  ver 3.4  Verb mode for urls, etc.
)
LaTeX Info: Redefining \url on input line 4749.
\XeTeXLinkMargin=\dimen268

(C:\Users\jamil\AppData\Roaming\MiKTeX\tex/generic/bitset\bitset.sty
Package: bitset 2019/12/09 v1.3 Handle bit-vector datatype (HO)

(C:\Users\jamil\AppData\Roaming\MiKTeX\tex/generic/bigintcalc\bigintcalc.sty
Package: bigintcalc 2019/12/15 v1.5 Expandable calculations on big integers (HO
)
))
\Fld@menulength=\count303
\Field@Width=\dimen269
\Fld@charsize=\dimen270
Package hyperref Info: Hyper figures OFF on input line 6027.
Package hyperref Info: Link nesting OFF on input line 6032.
Package hyperref Info: Hyper index ON on input line 6035.
Package hyperref Info: backreferencing OFF on input line 6042.
Package hyperref Info: Link coloring OFF on input line 6047.
Package hyperref Info: Link coloring with OCG OFF on input line 6052.
Package hyperref Info: PDF/A mode OFF on input line 6057.
LaTeX Info: Redefining \ref on input line 6097.
LaTeX Info: Redefining \pageref on input line 6101.
\Hy@abspage=\count304


Package hyperref Message: Stopped early.

)
Package hyperref Info: Driver (autodetected): hpdftex.
 (C:\Program Files\MiKTeX\tex/latex/hyperref\hpdftex.def
File: hpdftex.def 2022-02-21 v7.00n Hyperref driver for pdfTeX

(C:\Program Files\MiKTeX\tex/latex/base\atveryend-ltx.sty
Package: atveryend-ltx 2020/08/19 v1.0a Emulation of the original atveryend pac
kage
with kernel methods
)
\Fld@listcount=\count305
\c@bookmark@seq@number=\count306

(C:\Users\jamil\AppData\Roaming\MiKTeX\tex/latex/rerunfilecheck\rerunfilecheck.
sty
Package: rerunfilecheck 2019/12/05 v1.9 Rerun checks for auxiliary files (HO)

(C:\Users\jamil\AppData\Roaming\MiKTeX\tex/generic/uniquecounter\uniquecounter.
sty
Package: uniquecounter 2019/12/15 v1.4 Provide unlimited unique counter (HO)
)
Package uniquecounter Info: New unique counter `rerunfilecheck' on input line 2
86.
))
(C:\Users\jamil\AppData\Roaming\MiKTeX\tex/latex/beamer\beamerbaserequires.sty
(C:\Users\jamil\AppData\Roaming\MiKTeX\tex/latex/beamer\beamerbasecompatibility
.sty)
(C:\Users\jamil\AppData\Roaming\MiKTeX\tex/latex/beamer\beamerbasefont.sty
(C:\Program Files\MiKTeX\tex/latex/amsfonts\amssymb.sty
Package: amssymb 2013/01/14 v3.01 AMS font symbols

(C:\Program Files\MiKTeX\tex/latex/amsfonts\amsfonts.sty
Package: amsfonts 2013/01/14 v3.01 Basic AMSFonts support
\@emptytoks=\toks30
\symAMSa=\mathgroup4
\symAMSb=\mathgroup5
LaTeX Font Info:    Redeclaring math symbol \hbar on input line 98.
LaTeX Font Info:    Overwriting math alphabet `\mathfrak' in version `bold'
(Font)                  U/euf/m/n --> U/euf/b/n on input line 106.
))
(C:\Users\jamil\AppData\Roaming\MiKTeX\tex/latex/sansmathaccent\sansmathaccent.
sty
Package: sansmathaccent 2020/01/31
 (C:\Users\jamil\AppData\Roaming\MiKTeX\tex/latex/koma-script\scrlfile.sty
Package: scrlfile 2022/07/04 v3.37 KOMA-Script package (file load hooks)

(C:\Users\jamil\AppData\Roaming\MiKTeX\tex/latex/koma-script\scrlfile-hook.sty
Package: scrlfile-hook 2022/07/04 v3.37 KOMA-Script package (using LaTeX hooks)


(C:\Users\jamil\AppData\Roaming\MiKTeX\tex/latex/koma-script\scrlogo.sty
Package: scrlogo 2022/07/04 v3.37 KOMA-Script package (logo)
)))))
(C:\Users\jamil\AppData\Roaming\MiKTeX\tex/latex/beamer\beamerbasetranslator.st
y (C:\Users\jamil\AppData\Roaming\MiKTeX\tex/latex/translator\translator.sty
Package: translator 2021-05-31 v1.12d Easy translation of strings in LaTeX
))
(C:\Users\jamil\AppData\Roaming\MiKTeX\tex/latex/beamer\beamerbasemisc.sty)
(C:\Users\jamil\AppData\Roaming\MiKTeX\tex/latex/beamer\beamerbasetwoscreens.st
y)
(C:\Users\jamil\AppData\Roaming\MiKTeX\tex/latex/beamer\beamerbaseoverlay.sty
\beamer@argscount=\count307
\beamer@lastskipcover=\skip53
\beamer@trivlistdepth=\count308
)
(C:\Users\jamil\AppData\Roaming\MiKTeX\tex/latex/beamer\beamerbasetitle.sty)
(C:\Users\jamil\AppData\Roaming\MiKTeX\tex/latex/beamer\beamerbasesection.sty
\c@lecture=\count309
\c@part=\count310
\c@section=\count311
\c@subsection=\count312
\c@subsubsection=\count313
)
(C:\Users\jamil\AppData\Roaming\MiKTeX\tex/latex/beamer\beamerbaseframe.sty
\beamer@framebox=\box67
\beamer@frametitlebox=\box68
\beamer@zoombox=\box69
\beamer@zoomcount=\count314
\beamer@zoomframecount=\count315
\beamer@frametextheight=\dimen271
\c@subsectionslide=\count316
\beamer@frametopskip=\skip54
\beamer@framebottomskip=\skip55
\beamer@frametopskipautobreak=\skip56
\beamer@framebottomskipautobreak=\skip57
\beamer@envbody=\toks31
\framewidth=\dimen272
\c@framenumber=\count317
)
(C:\Users\jamil\AppData\Roaming\MiKTeX\tex/latex/beamer\beamerbaseverbatim.sty
\beamer@verbatimfileout=\write4
)
(C:\Users\jamil\AppData\Roaming\MiKTeX\tex/latex/beamer\beamerbaseframesize.sty
\beamer@splitbox=\box70
\beamer@autobreakcount=\count318
\beamer@autobreaklastheight=\dimen273
\beamer@frametitletoks=\toks32
\beamer@framesubtitletoks=\toks33
)
(C:\Users\jamil\AppData\Roaming\MiKTeX\tex/latex/beamer\beamerbaseframecomponen
ts.sty
\beamer@footins=\box71
)
(C:\Users\jamil\AppData\Roaming\MiKTeX\tex/latex/beamer\beamerbasecolor.sty)
(C:\Users\jamil\AppData\Roaming\MiKTeX\tex/latex/beamer\beamerbasenotes.sty
\beamer@frameboxcopy=\box72
)
(C:\Users\jamil\AppData\Roaming\MiKTeX\tex/latex/beamer\beamerbasetoc.sty)
(C:\Users\jamil\AppData\Roaming\MiKTeX\tex/latex/beamer\beamerbasetemplates.sty
\beamer@sbttoks=\toks34

(C:\Users\jamil\AppData\Roaming\MiKTeX\tex/latex/beamer\beamerbaseauxtemplates.
sty (C:\Users\jamil\AppData\Roaming\MiKTeX\tex/latex/beamer\beamerbaseboxes.sty
\bmb@box=\box73
\bmb@colorbox=\box74
\bmb@boxwidth=\dimen274
\bmb@boxheight=\dimen275
\bmb@prevheight=\dimen276
\bmb@temp=\dimen277
\bmb@dima=\dimen278
\bmb@dimb=\dimen279
\bmb@prevheight=\dimen280
)
\beamer@blockheadheight=\dimen281
))
(C:\Users\jamil\AppData\Roaming\MiKTeX\tex/latex/beamer\beamerbaselocalstructur
e.sty (C:\Program Files\MiKTeX\tex/latex/tools\enumerate.sty
Package: enumerate 2015/07/23 v3.00 enumerate extensions (DPC)
\@enLab=\toks35
)
\beamer@bibiconwidth=\skip58
\c@figure=\count319
\c@table=\count320
\abovecaptionskip=\skip59
\belowcaptionskip=\skip60
)
(C:\Users\jamil\AppData\Roaming\MiKTeX\tex/latex/beamer\beamerbasenavigation.st
y
\beamer@section@min@dim=\dimen282
)
(C:\Users\jamil\AppData\Roaming\MiKTeX\tex/latex/beamer\beamerbasetheorems.sty
(C:\Program Files\MiKTeX\tex/latex/amsmath\amsmath.sty
Package: amsmath 2021/10/15 v2.17l AMS math features
\@mathmargin=\skip61

For additional information on amsmath, use the `?' option.
(C:\Program Files\MiKTeX\tex/latex/amsmath\amstext.sty
Package: amstext 2021/08/26 v2.01 AMS text

(C:\Program Files\MiKTeX\tex/latex/amsmath\amsgen.sty
File: amsgen.sty 1999/11/30 v2.0 generic functions
\@emptytoks=\toks36
\ex@=\dimen283
))
(C:\Program Files\MiKTeX\tex/latex/amsmath\amsbsy.sty
Package: amsbsy 1999/11/29 v1.2d Bold Symbols
\pmbraise@=\dimen284
)
(C:\Program Files\MiKTeX\tex/latex/amsmath\amsopn.sty
Package: amsopn 2021/08/26 v2.02 operator names
)
\inf@bad=\count321
LaTeX Info: Redefining \frac on input line 234.
\uproot@=\count322
\leftroot@=\count323
LaTeX Info: Redefining \overline on input line 399.
\classnum@=\count324
\DOTSCASE@=\count325
LaTeX Info: Redefining \ldots on input line 496.
LaTeX Info: Redefining \dots on input line 499.
LaTeX Info: Redefining \cdots on input line 620.
\Mathstrutbox@=\box75
\strutbox@=\box76
\big@size=\dimen285
LaTeX Font Info:    Redeclaring font encoding OML on input line 743.
LaTeX Font Info:    Redeclaring font encoding OMS on input line 744.
\macc@depth=\count326
\c@MaxMatrixCols=\count327
\dotsspace@=\muskip17
\c@parentequation=\count328
\dspbrk@lvl=\count329
\tag@help=\toks37
\row@=\count330
\column@=\count331
\maxfields@=\count332
\andhelp@=\toks38
\eqnshift@=\dimen286
\alignsep@=\dimen287
\tagshift@=\dimen288
\tagwidth@=\dimen289
\totwidth@=\dimen290
\lineht@=\dimen291
\@envbody=\toks39
\multlinegap=\skip62
\multlinetaggap=\skip63
\mathdisplay@stack=\toks40
LaTeX Info: Redefining \[ on input line 2938.
LaTeX Info: Redefining \] on input line 2939.
)
(C:\Users\jamil\AppData\Roaming\MiKTeX\tex/latex/amscls\amsthm.sty
Package: amsthm 2020/05/29 v2.20.6
\thm@style=\toks41
\thm@bodyfont=\toks42
\thm@headfont=\toks43
\thm@notefont=\toks44
\thm@headpunct=\toks45
\thm@preskip=\skip64
\thm@postskip=\skip65
\thm@headsep=\skip66
\dth@everypar=\toks46
)
\c@theorem=\count333
)
(C:\Users\jamil\AppData\Roaming\MiKTeX\tex/latex/beamer\beamerbasethemes.sty))
(C:\Users\jamil\AppData\Roaming\MiKTeX\tex/latex/beamer\beamerthemedefault.sty
(C:\Users\jamil\AppData\Roaming\MiKTeX\tex/latex/beamer\beamerfontthemedefault.
sty)
(C:\Users\jamil\AppData\Roaming\MiKTeX\tex/latex/beamer\beamercolorthemedefault
.sty)
(C:\Users\jamil\AppData\Roaming\MiKTeX\tex/latex/beamer\beamerinnerthemedefault
.sty
\beamer@dima=\dimen292
\beamer@dimb=\dimen293
)
(C:\Users\jamil\AppData\Roaming\MiKTeX\tex/latex/beamer\beamerouterthemedefault
.sty)))
(C:\Users\jamil\AppData\Roaming\MiKTeX\tex/latex/beamer\beamerthemeMadrid.sty
(C:\Users\jamil\AppData\Roaming\MiKTeX\tex/latex/beamer\beamercolorthemewhale.s
ty)
(C:\Users\jamil\AppData\Roaming\MiKTeX\tex/latex/beamer\beamercolorthemeorchid.
sty)
(C:\Users\jamil\AppData\Roaming\MiKTeX\tex/latex/beamer\beamerinnerthemerounded
.sty)
(C:\Users\jamil\AppData\Roaming\MiKTeX\tex/latex/beamer\beamerouterthemeinfolin
es.sty)) (C:\Program Files\MiKTeX\tex/generic/babel\babel.sty
Package: babel 2022/02/26 3.73 The Babel package
\babel@savecnt=\count334
\U@D=\dimen294
\l@unhyphenated=\language79

(C:\Program Files\MiKTeX\tex/generic/babel\txtbabel.def)
\bbl@readstream=\read3
LaTeX Info: Redefining \textlatin on input line 3969.
\bbl@dirlevel=\count335

*************************************
* Local config file bblopts.cfg used
*
(C:\Program Files\MiKTeX\tex/latex/arabi\bblopts.cfg
File: bblopts.cfg 2005/09/08 v0.1 add Arabic and Farsi to "declared" options of
 babel
)
(C:\Users\jamil\AppData\Roaming\MiKTeX\tex/latex/babel-spanish\spanish.ldf
Language: spanish.ldf 2021/05/27 v5.0q Spanish support from the babel system
\es@quottoks=\toks47
\es@quotdepth=\count336
Package babel Info: Making " an active character on input line 570.
Package babel Info: Making . an active character on input line 675.
Package babel Info: Making < an active character on input line 722.
Package babel Info: Making > an active character on input line 722.
))
(C:\Program Files\MiKTeX\tex/latex/ragged2e\ragged2e.sty
Package: ragged2e 2021/12/15 v3.1 ragged2e Package
\CenteringLeftskip=\skip67
\RaggedLeftLeftskip=\skip68
\RaggedRightLeftskip=\skip69
\CenteringRightskip=\skip70
\RaggedLeftRightskip=\skip71
\RaggedRightRightskip=\skip72
\CenteringParfillskip=\skip73
\RaggedLeftParfillskip=\skip74
\RaggedRightParfillskip=\skip75
\JustifyingParfillskip=\skip76
\CenteringParindent=\skip77
\RaggedLeftParindent=\skip78
\RaggedRightParindent=\skip79
\JustifyingParindent=\skip80
)
(C:\Users\jamil\AppData\Roaming\MiKTeX\tex/latex/comment\comment.sty
\CommentStream=\write5

Excluding comment 'comment')
(C:\Users\jamil\AppData\Roaming\MiKTeX\tex/latex/bbding\bbding.sty
Package: bbding 1999/04/15 v1.01 Dingbats symbols
)
(C:\Users\jamil\AppData\Roaming\MiKTeX\tex/latex/alertmessage\alertmessage.sty
Package: alertmessage 2005/08/04 v1.1 Alert messages

(C:\Users\jamil\AppData\Roaming\MiKTeX\tex/latex/picture\picture.sty
Package: picture 2020-04-22 v1.6 Dimens for picture macros (HO)
Package picture Info: Calculation method: etex.
)
(C:\Program Files\MiKTeX\tex/latex/base\ifthen.sty
Package: ifthen 2020/11/24 v1.1c Standard LaTeX ifthen package (DPC)
)
(C:\Program Files\MiKTeX\tex/latex/tools\calc.sty
Package: calc 2017/05/25 v4.3 Infix arithmetic (KKT,FJ)
\calc@Acount=\count337
\calc@Bcount=\count338
\calc@Adimen=\dimen295
\calc@Bdimen=\dimen296
\calc@Askip=\skip81
\calc@Bskip=\skip82
LaTeX Info: Redefining \setlength on input line 80.
LaTeX Info: Redefining \addtolength on input line 81.
\calc@Ccount=\count339
\calc@Cskip=\skip83
)
(C:\Program Files\MiKTeX\tex/latex/pgf/frontendlayer\tikz.sty
(C:\Program Files\MiKTeX\tex/latex/pgf/basiclayer\pgf.sty
Package: pgf 2021/05/15 v3.1.9a (3.1.9a)

(C:\Program Files\MiKTeX\tex/generic/pgf/modules\pgfmoduleshapes.code.tex
File: pgfmoduleshapes.code.tex 2021/05/15 v3.1.9a (3.1.9a)
\pgfnodeparttextbox=\box77
)
(C:\Program Files\MiKTeX\tex/generic/pgf/modules\pgfmoduleplot.code.tex
File: pgfmoduleplot.code.tex 2021/05/15 v3.1.9a (3.1.9a)
)
(C:\Program Files\MiKTeX\tex/latex/pgf/compatibility\pgfcomp-version-0-65.sty
Package: pgfcomp-version-0-65 2021/05/15 v3.1.9a (3.1.9a)
\pgf@nodesepstart=\dimen297
\pgf@nodesepend=\dimen298
)
(C:\Program Files\MiKTeX\tex/latex/pgf/compatibility\pgfcomp-version-1-18.sty
Package: pgfcomp-version-1-18 2021/05/15 v3.1.9a (3.1.9a)
)) (C:\Program Files\MiKTeX\tex/latex/pgf/utilities\pgffor.sty
(C:\Program Files\MiKTeX\tex/generic/pgf/utilities\pgffor.code.tex
Package: pgffor 2021/05/15 v3.1.9a (3.1.9a)

(C:\Program Files\MiKTeX\tex/generic/pgf/math\pgfmath.code.tex)
\pgffor@iter=\dimen299
\pgffor@skip=\dimen300
\pgffor@stack=\toks48
\pgffor@toks=\toks49
))
(C:\Program Files\MiKTeX\tex/generic/pgf/frontendlayer/tikz\tikz.code.tex
Package: tikz 2021/05/15 v3.1.9a (3.1.9a)

(C:\Program Files\MiKTeX\tex/generic/pgf/libraries\pgflibraryplothandlers.code.
tex
File: pgflibraryplothandlers.code.tex 2021/05/15 v3.1.9a (3.1.9a)
\pgf@plot@mark@count=\count340
\pgfplotmarksize=\dimen301
)
\tikz@lastx=\dimen302
\tikz@lasty=\dimen303
\tikz@lastxsaved=\dimen304
\tikz@lastysaved=\dimen305
\tikz@lastmovetox=\dimen306
\tikz@lastmovetoy=\dimen307
\tikzleveldistance=\dimen308
\tikzsiblingdistance=\dimen309
\tikz@figbox=\box78
\tikz@figbox@bg=\box79
\tikz@tempbox=\box80
\tikz@tempbox@bg=\box81
\tikztreelevel=\count341
\tikznumberofchildren=\count342
\tikznumberofcurrentchild=\count343
\tikz@fig@count=\count344
 (C:\Program Files\MiKTeX\tex/generic/pgf/modules\pgfmodulematrix.code.tex
File: pgfmodulematrix.code.tex 2021/05/15 v3.1.9a (3.1.9a)
\pgfmatrixcurrentrow=\count345
\pgfmatrixcurrentcolumn=\count346
\pgf@matrix@numberofcolumns=\count347
)
\tikz@expandcount=\count348

(C:\Program Files\MiKTeX\tex/generic/pgf/frontendlayer/tikz/libraries\tikzlibra
rytopaths.code.tex
File: tikzlibrarytopaths.code.tex 2021/05/15 v3.1.9a (3.1.9a)
)))
\alertmessage@textlength=\skip84
)
(C:\Users\jamil\AppData\Roaming\MiKTeX\tex/latex/beamer\beamerinnerthemecircles
.sty)
(C:\Users\jamil\AppData\Roaming\MiKTeX\tex/latex/beamer\beamercolorthemestructu
re.sty)

Package hyperref Warning: Token not allowed in a PDF string (Unicode):
(hyperref)                removing `\\' on input line 17.


Package hyperref Warning: Token not allowed in a PDF string (Unicode):
(hyperref)                removing `\\' on input line 17.


Package hyperref Warning: Token not allowed in a PDF string (Unicode):
(hyperref)                removing `\\' on input line 17.


Package hyperref Warning: Token not allowed in a PDF string (Unicode):
(hyperref)                removing `\\' on input line 17.

(C:\Program Files\MiKTeX\tex/latex/l3backend\l3backend-pdftex.def
File: l3backend-pdftex.def 2022-04-14 L3 backend support: PDF output (pdfTeX)
\l__color_backend_stack_int=\count349
\l__pdf_internal_box=\box82
)
(TESIS_BEAMER.aux
LaTeX Info: Redefining \. on input line 25.
LaTeX Info: Redefining \% on input line 25.


LaTeX Warning: Label `TSNE' multiply defined.

)
\openout1 = `TESIS_BEAMER.aux'.

LaTeX Font Info:    Checking defaults for OML/cmm/m/it on input line 31.
LaTeX Font Info:    ... okay on input line 31.
LaTeX Font Info:    Checking defaults for OMS/cmsy/m/n on input line 31.
LaTeX Font Info:    ... okay on input line 31.
LaTeX Font Info:    Checking defaults for OT1/cmr/m/n on input line 31.
LaTeX Font Info:    ... okay on input line 31.
LaTeX Font Info:    Checking defaults for T1/cmr/m/n on input line 31.
LaTeX Font Info:    ... okay on input line 31.
LaTeX Font Info:    Checking defaults for TS1/cmr/m/n on input line 31.
LaTeX Font Info:    ... okay on input line 31.
LaTeX Font Info:    Checking defaults for OMX/cmex/m/n on input line 31.
LaTeX Font Info:    ... okay on input line 31.
LaTeX Font Info:    Checking defaults for U/cmr/m/n on input line 31.
LaTeX Font Info:    ... okay on input line 31.
LaTeX Font Info:    Checking defaults for PD1/pdf/m/n on input line 31.
LaTeX Font Info:    ... okay on input line 31.
LaTeX Font Info:    Checking defaults for PU/pdf/m/n on input line 31.
LaTeX Font Info:    ... okay on input line 31.

*geometry* driver: auto-detecting
*geometry* detected driver: pdftex
*geometry* verbose mode - [ preamble ] result:
* driver: pdftex
* paper: custom
* layout: <same size as paper>
* layoutoffset:(h,v)=(0.0pt,0.0pt)
* modes: includehead includefoot 
* h-part:(L,W,R)=(10.00002pt, 344.19533pt, 10.00002pt)
* v-part:(T,H,B)=(0.0pt, 273.14662pt, 0.0pt)
* \paperwidth=364.19536pt
* \paperheight=273.14662pt
* \textwidth=344.19533pt
* \textheight=244.6939pt
* \oddsidemargin=-62.26997pt
* \evensidemargin=-62.26997pt
* \topmargin=-72.26999pt
* \headheight=14.22636pt
* \headsep=0.0pt
* \topskip=10.0pt
* \footskip=14.22636pt
* \marginparwidth=3.0pt
* \marginparsep=11.0pt
* \columnsep=10.0pt
* \skip\footins=9.0pt plus 4.0pt minus 2.0pt
* \hoffset=0.0pt
* \voffset=0.0pt
* \mag=1000
* \@twocolumnfalse
* \@twosidefalse
* \@mparswitchfalse
* \@reversemarginfalse
* (1in=72.27pt=25.4mm, 1cm=28.453pt)

(C:\Program Files\MiKTeX\tex/context/base/mkii\supp-pdf.mkii
[Loading MPS to PDF converter (version 2006.09.02).]
\scratchcounter=\count350
\scratchdimen=\dimen310
\scratchbox=\box83
\nofMPsegments=\count351
\nofMParguments=\count352
\everyMPshowfont=\toks50
\MPscratchCnt=\count353
\MPscratchDim=\dimen311
\MPnumerator=\count354
\makeMPintoPDFobject=\count355
\everyMPtoPDFconversion=\toks51
) (C:\Program Files\MiKTeX\tex/latex/epstopdf-pkg\epstopdf-base.sty
Package: epstopdf-base 2020-01-24 v2.11 Base part for package epstopdf
Package epstopdf-base Info: Redefining graphics rule for `.eps' on input line 4
85.

(C:\Program Files\MiKTeX\tex/latex/00miktex\epstopdf-sys.cfg
File: epstopdf-sys.cfg 2021/03/18 v2.0 Configuration of epstopdf for MiKTeX
))
Package hyperref Info: Link coloring OFF on input line 31.

(C:\Program Files\MiKTeX\tex/latex/hyperref\nameref.sty
Package: nameref 2021-04-02 v2.47 Cross-referencing by name of section

(C:\Users\jamil\AppData\Roaming\MiKTeX\tex/latex/refcount\refcount.sty
Package: refcount 2019/12/15 v3.6 Data extraction from label references (HO)
)
(C:\Users\jamil\AppData\Roaming\MiKTeX\tex/generic/gettitlestring\gettitlestrin
g.sty
Package: gettitlestring 2019/12/15 v1.6 Cleanup title references (HO)
)
\c@section@level=\count356
)
LaTeX Info: Redefining \ref on input line 31.
LaTeX Info: Redefining \pageref on input line 31.
LaTeX Info: Redefining \nameref on input line 31.
 (TESIS_BEAMER.out) (TESIS_BEAMER.out)
\@outlinefile=\write6
\openout6 = `TESIS_BEAMER.out'.

LaTeX Font Info:    Overwriting symbol font `operators' in version `normal'
(Font)                  OT1/cmr/m/n --> OT1/cmss/m/n on input line 31.
LaTeX Font Info:    Overwriting symbol font `operators' in version `bold'
(Font)                  OT1/cmr/bx/n --> OT1/cmss/b/n on input line 31.
\symnumbers=\mathgroup6
\sympureletters=\mathgroup7
LaTeX Font Info:    Overwriting math alphabet `\mathrm' in version `normal'
(Font)                  OT1/cmss/m/n --> OT1/cmr/m/n on input line 31.
LaTeX Font Info:    Redeclaring math alphabet \mathbf on input line 31.
LaTeX Font Info:    Overwriting math alphabet `\mathbf' in version `normal'
(Font)                  OT1/cmr/bx/n --> OT1/cmss/b/n on input line 31.
LaTeX Font Info:    Overwriting math alphabet `\mathbf' in version `bold'
(Font)                  OT1/cmr/bx/n --> OT1/cmss/b/n on input line 31.
LaTeX Font Info:    Redeclaring math alphabet \mathsf on input line 31.
LaTeX Font Info:    Overwriting math alphabet `\mathsf' in version `normal'
(Font)                  OT1/cmss/m/n --> OT1/cmss/m/n on input line 31.
LaTeX Font Info:    Overwriting math alphabet `\mathsf' in version `bold'
(Font)                  OT1/cmss/bx/n --> OT1/cmss/m/n on input line 31.
LaTeX Font Info:    Redeclaring math alphabet \mathit on input line 31.
LaTeX Font Info:    Overwriting math alphabet `\mathit' in version `normal'
(Font)                  OT1/cmr/m/it --> OT1/cmss/m/it on input line 31.
LaTeX Font Info:    Overwriting math alphabet `\mathit' in version `bold'
(Font)                  OT1/cmr/bx/it --> OT1/cmss/m/it on input line 31.
LaTeX Font Info:    Redeclaring math alphabet \mathtt on input line 31.
LaTeX Font Info:    Overwriting math alphabet `\mathtt' in version `normal'
(Font)                  OT1/cmtt/m/n --> OT1/cmtt/m/n on input line 31.
LaTeX Font Info:    Overwriting math alphabet `\mathtt' in version `bold'
(Font)                  OT1/cmtt/m/n --> OT1/cmtt/m/n on input line 31.
LaTeX Font Info:    Overwriting symbol font `numbers' in version `bold'
(Font)                  OT1/cmss/m/n --> OT1/cmss/b/n on input line 31.
LaTeX Font Info:    Overwriting symbol font `pureletters' in version `bold'
(Font)                  OT1/cmss/m/it --> OT1/cmss/b/it on input line 31.
LaTeX Font Info:    Overwriting math alphabet `\mathrm' in version `bold'
(Font)                  OT1/cmss/b/n --> OT1/cmr/b/n on input line 31.
LaTeX Font Info:    Overwriting math alphabet `\mathbf' in version `bold'
(Font)                  OT1/cmss/b/n --> OT1/cmss/b/n on input line 31.
LaTeX Font Info:    Overwriting math alphabet `\mathsf' in version `bold'
(Font)                  OT1/cmss/m/n --> OT1/cmss/b/n on input line 31.
LaTeX Font Info:    Overwriting math alphabet `\mathit' in version `bold'
(Font)                  OT1/cmss/m/it --> OT1/cmss/b/it on input line 31.
LaTeX Font Info:    Overwriting math alphabet `\mathtt' in version `bold'
(Font)                  OT1/cmtt/m/n --> OT1/cmtt/b/n on input line 31.
LaTeX Font Info:    Redeclaring symbol font `pureletters' on input line 31.
LaTeX Font Info:    Overwriting symbol font `pureletters' in version `normal'
(Font)                  OT1/cmss/m/it --> OT1/mathkerncmss/m/sl on input line 3
1.
LaTeX Font Info:    Overwriting symbol font `pureletters' in version `bold'
(Font)                  OT1/cmss/b/it --> OT1/mathkerncmss/m/sl on input line 3
1.
LaTeX Font Info:    Overwriting symbol font `pureletters' in version `bold'
(Font)                  OT1/mathkerncmss/m/sl --> OT1/mathkerncmss/bx/sl on inp
ut line 31.

(C:\Users\jamil\AppData\Roaming\MiKTeX\tex/latex/translator\translator-basic-di
ctionary-English.dict
Dictionary: translator-basic-dictionary, Language: English 
)
(C:\Users\jamil\AppData\Roaming\MiKTeX\tex/latex/translator\translator-bibliogr
aphy-dictionary-English.dict
Dictionary: translator-bibliography-dictionary, Language: English 
)
(C:\Users\jamil\AppData\Roaming\MiKTeX\tex/latex/translator\translator-environm
ent-dictionary-English.dict
Dictionary: translator-environment-dictionary, Language: English 
)
(C:\Users\jamil\AppData\Roaming\MiKTeX\tex/latex/translator\translator-months-d
ictionary-English.dict
Dictionary: translator-months-dictionary, Language: English 
)
(C:\Users\jamil\AppData\Roaming\MiKTeX\tex/latex/translator\translator-numbers-
dictionary-English.dict
Dictionary: translator-numbers-dictionary, Language: English 
)
(C:\Users\jamil\AppData\Roaming\MiKTeX\tex/latex/translator\translator-theorem-
dictionary-English.dict
Dictionary: translator-theorem-dictionary, Language: English 
)
LaTeX Info: Redefining \. on input line 31.
LaTeX Info: Redefining \% on input line 31.
 (TESIS_BEAMER.nav)
<IMAGENES/LogoMCIC.png, id=25, 1022.82124pt x 829.0975pt>
File: IMAGENES/LogoMCIC.png Graphic file (type png)
<use IMAGENES/LogoMCIC.png>
Package pdftex.def Info: IMAGENES/LogoMCIC.png  used on input line 36.
(pdftex.def)             Requested size: 42.67912pt x 34.58781pt.
<IMAGENES/LogoGitem.png, id=26, 546.54187pt x 308.65312pt>
File: IMAGENES/LogoGitem.png Graphic file (type png)
<use IMAGENES/LogoGitem.png>
Package pdftex.def Info: IMAGENES/LogoGitem.png  used on input line 36.
(pdftex.def)             Requested size: 71.13188pt x 40.16869pt.
<IMAGENES/LogoUdistrital.pdf, id=28, 115.43124pt x 175.65625pt>
File: IMAGENES/LogoUdistrital.pdf Graphic file (type pdf)
<use IMAGENES/LogoUdistrital.pdf>
Package pdftex.def Info: IMAGENES/LogoUdistrital.pdf  used on input line 36.
(pdftex.def)             Requested size: 28.45274pt x 43.29747pt.
 [1

{C:/Users/jamil/AppData/Local/MiKTeX/fonts/map/pdftex/pdftex.map} <./IMAGENES/L
ogoMCIC.png> <./IMAGENES/LogoGitem.png> <./IMAGENES/LogoUdistrital.pdf>] [2

]
LaTeX Font Info:    Trying to load font information for U+msa on input line 53.


(C:\Program Files\MiKTeX\tex/latex/amsfonts\umsa.fd
File: umsa.fd 2013/01/14 v3.01 AMS symbols A
)
LaTeX Font Info:    Trying to load font information for U+msb on input line 53.


(C:\Program Files\MiKTeX\tex/latex/amsfonts\umsb.fd
File: umsb.fd 2013/01/14 v3.01 AMS symbols B
)
LaTeX Font Info:    Trying to load font information for OT1+mathkerncmss on inp
ut line 53.

(C:\Users\jamil\AppData\Roaming\MiKTeX\tex/latex/sansmathaccent\ot1mathkerncmss
.fd
File: ot1mathkerncmss.fd 2020/01/31 Fontinst v1.933 font definitions for OT1/ma
thkerncmss.
) [3

] [4

] [5

] [6

] [7

] [8

]
<IMAGENES/DSM-BCD_SPANISH.pdf, id=421, 845.15248pt x 597.58253pt>
File: IMAGENES/DSM-BCD_SPANISH.pdf Graphic file (type pdf)
<use IMAGENES/DSM-BCD_SPANISH.pdf>
Package pdftex.def Info: IMAGENES/DSM-BCD_SPANISH.pdf  used on input line 130.
(pdftex.def)             Requested size: 299.44824pt x 211.7284pt.

Overfull \vbox (3.47586pt too high) detected at line 130
 []

[9

 <./IMAGENES/DSM-BCD_SPANISH.pdf>]
<IMAGENES/BCQM_SPANISH.pdf, id=451, 421.575pt x 486.81876pt>
File: IMAGENES/BCQM_SPANISH.pdf Graphic file (type pdf)
<use IMAGENES/BCQM_SPANISH.pdf>
Package pdftex.def Info: IMAGENES/BCQM_SPANISH.pdf  used on input line 139.
(pdftex.def)             Requested size: 172.09766pt x 198.7353pt.
 [10

 <./IMAGENES/BCQM_SPANISH.pdf>]
<IMAGENES/BCQM_TCGA.pdf, id=492, 529.98pt x 173.64874pt>
File: IMAGENES/BCQM_TCGA.pdf Graphic file (type pdf)
<use IMAGENES/BCQM_TCGA.pdf>
Package pdftex.def Info: IMAGENES/BCQM_TCGA.pdf  used on input line 153.
(pdftex.def)             Requested size: 320.09912pt x 104.8816pt.

[11

 <./IMAGENES/BCQM_TCGA.pdf>]

pdfTeX warning: pdflatex.exe (file ./IMAGENES/Data_Analysis_Team.pdf): PDF incl
usion: found PDF version <1.7>, but at most version <1.5> allowed
<IMAGENES/Data_Analysis_Team.pdf, id=530, 336.25626pt x 357.335pt>
File: IMAGENES/Data_Analysis_Team.pdf Graphic file (type pdf)
<use IMAGENES/Data_Analysis_Team.pdf>
Package pdftex.def Info: IMAGENES/Data_Analysis_Team.pdf  used on input line 16
7.
(pdftex.def)             Requested size: 144.5614pt x 153.62378pt.
[12

 <./IMAGENES/Data_Analysis_Team.pdf>]

pdfTeX warning: pdflatex.exe (file ./IMAGENES/Activity_Planning.pdf): PDF inclu
sion: found PDF version <1.7>, but at most version <1.5> allowed
<IMAGENES/Activity_Planning.pdf, id=567, 731.73375pt x 433.62pt>
File: IMAGENES/Activity_Planning.pdf Graphic file (type pdf)
<use IMAGENES/Activity_Planning.pdf>
Package pdftex.def Info: IMAGENES/Activity_Planning.pdf  used on input line 176
.
(pdftex.def)             Requested size: 296.00818pt x 175.41002pt.
[13

 <./IMAGENES/Activity_Planning.pdf>]
<IMAGENES/Planning_TCGA.pdf, id=632, 835.12pt x 463.7325pt>
File: IMAGENES/Planning_TCGA.pdf Graphic file (type pdf)
<use IMAGENES/Planning_TCGA.pdf>
Package pdftex.def Info: IMAGENES/Planning_TCGA.pdf  used on input line 185.
(pdftex.def)             Requested size: 299.44824pt x 166.27843pt.
 [14

 <./IMAGENES/Planning_TCGA.pdf>]
<IMAGENES/Adquisicion_datos.pdf, id=851, 293.095pt x 214.8025pt>
File: IMAGENES/Adquisicion_datos.pdf Graphic file (type pdf)
<use IMAGENES/Adquisicion_datos.pdf>
Package pdftex.def Info: IMAGENES/Adquisicion_datos.pdf  used on input line 198
.
(pdftex.def)             Requested size: 189.30847pt x 138.73828pt.

[15

 <./IMAGENES/Adquisicion_datos.pdf>]

pdfTeX warning: pdflatex.exe (file ./IMAGENES/EDA_Beamer.pdf): PDF inclusion: f
ound PDF version <1.7>, but at most version <1.5> allowed
<IMAGENES/EDA_Beamer.pdf, id=891, 827.09pt x 442.65375pt>
File: IMAGENES/EDA_Beamer.pdf Graphic file (type pdf)
<use IMAGENES/EDA_Beamer.pdf>
Package pdftex.def Info: IMAGENES/EDA_Beamer.pdf  used on input line 212.
(pdftex.def)             Requested size: 299.44824pt x 160.26706pt.
[16

 <./IMAGENES/EDA_Beamer.pdf>]
<IMAGENES/Clustering_Beamer.pdf, id=947, 416.55624pt x 143.53625pt>
File: IMAGENES/Clustering_Beamer.pdf Graphic file (type pdf)
<use IMAGENES/Clustering_Beamer.pdf>
Package pdftex.def Info: IMAGENES/Clustering_Beamer.pdf  used on input line 225
.
(pdftex.def)             Requested size: 299.44824pt x 103.18831pt.
 [17

 <./IMAGENES/Clustering_Beamer.pdf>]
<IMAGENES/CLUSTERING/1_TNSE_Kmeans.png, id=982, 452.4403pt x 423.08063pt>
File: IMAGENES/CLUSTERING/1_TNSE_Kmeans.png Graphic file (type png)
<use IMAGENES/CLUSTERING/1_TNSE_Kmeans.png>
Package pdftex.def Info: IMAGENES/CLUSTERING/1_TNSE_Kmeans.png  used on input l
ine 256.
(pdftex.def)             Requested size: 72.28333pt x 67.59099pt.
<IMAGENES/CLUSTERING/2_TNSE_Affinity_Propagation.png, id=983, 469.755pt x 423.8
3344pt>
File: IMAGENES/CLUSTERING/2_TNSE_Affinity_Propagation.png Graphic file (type pn
g)
<use IMAGENES/CLUSTERING/2_TNSE_Affinity_Propagation.png>
Package pdftex.def Info: IMAGENES/CLUSTERING/2_TNSE_Affinity_Propagation.png  u
sed on input line 256.
(pdftex.def)             Requested size: 72.28333pt x 65.21492pt.
<IMAGENES/CLUSTERING/3_TNSE_Mean_Shift_Clustering.png, id=984, 469.00218pt x 42
6.09187pt>
File: IMAGENES/CLUSTERING/3_TNSE_Mean_Shift_Clustering.png Graphic file (type p
ng)
<use IMAGENES/CLUSTERING/3_TNSE_Mean_Shift_Clustering.png>
Package pdftex.def Info: IMAGENES/CLUSTERING/3_TNSE_Mean_Shift_Clustering.png  
used on input line 256.
(pdftex.def)             Requested size: 72.28333pt x 65.66646pt.
<IMAGENES/CLUSTERING/4_TNSE_Spectral_ Clustering.png, id=985, 461.47406pt x 418
.56375pt>
File: IMAGENES/CLUSTERING/4_TNSE_Spectral_ Clustering.png Graphic file (type pn
g)
<use IMAGENES/CLUSTERING/4_TNSE_Spectral_ Clustering.png>
Package pdftex.def Info: IMAGENES/CLUSTERING/4_TNSE_Spectral_ Clustering.png  u
sed on input line 256.
(pdftex.def)             Requested size: 72.28333pt x 65.56009pt.
<IMAGENES/CLUSTERING/5_TNSE_Agglomerative_Clustering.png, id=986, 451.6875pt x 
426.84468pt>
File: IMAGENES/CLUSTERING/5_TNSE_Agglomerative_Clustering.png Graphic file (typ
e png)
<use IMAGENES/CLUSTERING/5_TNSE_Agglomerative_Clustering.png>
Package pdftex.def Info: IMAGENES/CLUSTERING/5_TNSE_Agglomerative_Clustering.pn
g  used on input line 256.
(pdftex.def)             Requested size: 72.28333pt x 68.30305pt.
<IMAGENES/CLUSTERING/6_TNSE_Density_Based_Spatial_Clustering.png, id=987, 450.1
8187pt x 419.31656pt>
File: IMAGENES/CLUSTERING/6_TNSE_Density_Based_Spatial_Clustering.png Graphic f
ile (type png)
<use IMAGENES/CLUSTERING/6_TNSE_Density_Based_Spatial_Clustering.png>
Package pdftex.def Info: IMAGENES/CLUSTERING/6_TNSE_Density_Based_Spatial_Clust
ering.png  used on input line 256.
(pdftex.def)             Requested size: 72.28333pt x 67.32234pt.
<IMAGENES/CLUSTERING/7_TNSE_OPTICS_Clustering.png, id=988, 461.47406pt x 420.82
219pt>
File: IMAGENES/CLUSTERING/7_TNSE_OPTICS_Clustering.png Graphic file (type png)
<use IMAGENES/CLUSTERING/7_TNSE_OPTICS_Clustering.png>
Package pdftex.def Info: IMAGENES/CLUSTERING/7_TNSE_OPTICS_Clustering.png  used
 on input line 256.
(pdftex.def)             Requested size: 72.28333pt x 65.91383pt.
<IMAGENES/CLUSTERING/9_TNSE_Kmodes.png, id=989, 449.42906pt x 422.32782pt>
File: IMAGENES/CLUSTERING/9_TNSE_Kmodes.png Graphic file (type png)
<use IMAGENES/CLUSTERING/9_TNSE_Kmodes.png>
Package pdftex.def Info: IMAGENES/CLUSTERING/9_TNSE_Kmodes.png  used on input l
ine 256.
(pdftex.def)             Requested size: 72.28333pt x 67.92181pt.

[18

 <./IMAGENES/CLUSTERING/1_TNSE_Kmeans.png> <./IMAGENES/CLUSTERING/2_TNSE_Affini
ty_Propagation.png> <./IMAGENES/CLUSTERING/3_TNSE_Mean_Shift_Clustering.png> <.
/IMAGENES/CLUSTERING/4_TNSE_Spectral_ Clustering.png> <./IMAGENES/CLUSTERING/5_
TNSE_Agglomerative_Clustering.png> <./IMAGENES/CLUSTERING/6_TNSE_Density_Based_
Spatial_Clustering.png> <./IMAGENES/CLUSTERING/7_TNSE_OPTICS_Clustering.png> <.
/IMAGENES/CLUSTERING/9_TNSE_Kmodes.png>]
<IMAGENES/CLUSTERING/8_TNSE_Birch_Clustering.png, id=1037, 488.57532pt x 423.08
063pt>
File: IMAGENES/CLUSTERING/8_TNSE_Birch_Clustering.png Graphic file (type png)
<use IMAGENES/CLUSTERING/8_TNSE_Birch_Clustering.png>
Package pdftex.def Info: IMAGENES/CLUSTERING/8_TNSE_Birch_Clustering.png  used 
on input line 269.
(pdftex.def)             Requested size: 154.88684pt x 134.12325pt.
 [19

 <./IMAGENES/CLUSTERING/8_TNSE_Birch_Clustering.png>]
pdfTeX warning (ext4): destination with the same identifier (name{TSNE}) has be
en already used, duplicate ignored
<to be read again> 
                   \relax 
l.293 \end{frame}
                 
<IMAGENES/CLUSTERING/8_PCA_Birch_Clustering.png, id=1066, 1313.90875pt x 421.57
5pt>
File: IMAGENES/CLUSTERING/8_PCA_Birch_Clustering.png Graphic file (type png)
<use IMAGENES/CLUSTERING/8_PCA_Birch_Clustering.png>
Package pdftex.def Info: IMAGENES/CLUSTERING/8_PCA_Birch_Clustering.png  used o
n input line 293.
(pdftex.def)             Requested size: 247.82104pt x 79.5147pt.
<IMAGENES/CLUSTERING/8_SILHOUTETTE_Birch_Clustering.png, id=1067, 383.4325pt x 
276.03125pt>
File: IMAGENES/CLUSTERING/8_SILHOUTETTE_Birch_Clustering.png Graphic file (type
 png)
<use IMAGENES/CLUSTERING/8_SILHOUTETTE_Birch_Clustering.png>
Package pdftex.def Info: IMAGENES/CLUSTERING/8_SILHOUTETTE_Birch_Clustering.png
  used on input line 293.
(pdftex.def)             Requested size: 120.47046pt x 86.72285pt.
<IMAGENES/CLUSTERING/8_ELBOW_Birch_Clustering.png, id=1068, 398.48875pt x 276.0
3125pt>
File: IMAGENES/CLUSTERING/8_ELBOW_Birch_Clustering.png Graphic file (type png)
<use IMAGENES/CLUSTERING/8_ELBOW_Birch_Clustering.png>
Package pdftex.def Info: IMAGENES/CLUSTERING/8_ELBOW_Birch_Clustering.png  used
 on input line 293.
(pdftex.def)             Requested size: 120.47046pt x 83.446pt.
 [20

 <./IMAGENES/CLUSTERING/8_PCA_Birch_Clustering.png> <./IMAGENES/CLUSTERING/8_SI
LHOUTETTE_Birch_Clustering.png> <./IMAGENES/CLUSTERING/8_ELBOW_Birch_Clustering
.png>]
<IMAGENES/BIRCH_CLUSTERING/1_Cluster_0_oncotree_code.pdf, id=1110, 390.40857pt 
x 295.06819pt>
File: IMAGENES/BIRCH_CLUSTERING/1_Cluster_0_oncotree_code.pdf Graphic file (typ
e pdf)
<use IMAGENES/BIRCH_CLUSTERING/1_Cluster_0_oncotree_code.pdf>
Package pdftex.def Info: IMAGENES/BIRCH_CLUSTERING/1_Cluster_0_oncotree_code.pd
f  used on input line 316.
(pdftex.def)             Requested size: 79.16345pt x 59.82751pt.
<IMAGENES/BIRCH_CLUSTERING/1_Cluster_1_oncotree_code.pdf, id=1111, 390.40857pt 
x 295.06819pt>
File: IMAGENES/BIRCH_CLUSTERING/1_Cluster_1_oncotree_code.pdf Graphic file (typ
e pdf)
<use IMAGENES/BIRCH_CLUSTERING/1_Cluster_1_oncotree_code.pdf>
Package pdftex.def Info: IMAGENES/BIRCH_CLUSTERING/1_Cluster_1_oncotree_code.pd
f  used on input line 316.
(pdftex.def)             Requested size: 79.16345pt x 59.82751pt.
<IMAGENES/BIRCH_CLUSTERING/1_Cluster_2_oncotree_code.pdf, id=1112, 387.22481pt 
x 285.61513pt>
File: IMAGENES/BIRCH_CLUSTERING/1_Cluster_2_oncotree_code.pdf Graphic file (typ
e pdf)
<use IMAGENES/BIRCH_CLUSTERING/1_Cluster_2_oncotree_code.pdf>
Package pdftex.def Info: IMAGENES/BIRCH_CLUSTERING/1_Cluster_2_oncotree_code.pd
f  used on input line 316.
(pdftex.def)             Requested size: 79.16345pt x 58.39023pt.
<IMAGENES/BIRCH_CLUSTERING/1_Cluster_3_oncotree_code.pdf, id=1113, 384.02534pt 
x 295.06819pt>
File: IMAGENES/BIRCH_CLUSTERING/1_Cluster_3_oncotree_code.pdf Graphic file (typ
e pdf)
<use IMAGENES/BIRCH_CLUSTERING/1_Cluster_3_oncotree_code.pdf>
Package pdftex.def Info: IMAGENES/BIRCH_CLUSTERING/1_Cluster_3_oncotree_code.pd
f  used on input line 316.
(pdftex.def)             Requested size: 79.16345pt x 60.82254pt.
 [21

 <./IMAGENES/BIRCH_CLUSTERING/1_Cluster_0_oncotree_code.pdf> <./IMAGENES/BIRCH_
CLUSTERING/1_Cluster_1_oncotree_code.pdf

pdfTeX warning: pdflatex.exe (file ./IMAGENES/BIRCH_CLUSTERING/1_Cluster_1_onco
tree_code.pdf): PDF inclusion: multiple pdfs with page group included in a sing
le page
> <./IMAGENES/BIRCH_CLUSTERING/1_Cluster_2_oncotree_code.pdf

pdfTeX warning: pdflatex.exe (file ./IMAGENES/BIRCH_CLUSTERING/1_Cluster_2_onco
tree_code.pdf): PDF inclusion: multiple pdfs with page group included in a sing
le page
> <./IMAGENES/BIRCH_CLUSTERING/1_Cluster_3_oncotree_code.pdf

pdfTeX warning: pdflatex.exe (file ./IMAGENES/BIRCH_CLUSTERING/1_Cluster_3_onco
tree_code.pdf): PDF inclusion: multiple pdfs with page group included in a sing
le page
>] [22

]
<IMAGENES/0_MER_BCDL.png, id=1290, 1630.59187pt x 1105.12875pt>
File: IMAGENES/0_MER_BCDL.png Graphic file (type png)
<use IMAGENES/0_MER_BCDL.png>
Package pdftex.def Info: IMAGENES/0_MER_BCDL.png  used on input line 333.
(pdftex.def)             Requested size: 309.77368pt x 209.94292pt.
 [23

 <./IMAGENES/0_MER_BCDL.png (PNG copy)>] [24

] [25

]

LaTeX Font Warning: Font shape `OT1/cmss/bx/it' undefined
(Font)              using `OT1/cmss/b/it' instead on input line 356.


LaTeX Font Warning: Font shape `OT1/cmss/b/it' undefined
(Font)              using `OT1/cmss/b/n' instead on input line 356.

LaTeX Font Info:    Font shape `OT1/cmss/b/n' in size <10> not available
(Font)              Font shape `OT1/cmss/bx/n' tried instead on input line 356.

[26

] Excluding 'comment' comment.
\tf@nav=\write7
\openout7 = `TESIS_BEAMER.nav'.

\tf@toc=\write8
\openout8 = `TESIS_BEAMER.toc'.

\tf@snm=\write9
\openout9 = `TESIS_BEAMER.snm'.

 (TESIS_BEAMER.aux
LaTeX Info: Redefining \. on input line 25.
LaTeX Info: Redefining \% on input line 25.
)

LaTeX Font Warning: Some font shapes were not available, defaults substituted.


LaTeX Warning: There were multiply-defined labels.

Package rerunfilecheck Info: File `TESIS_BEAMER.out' has not changed.
(rerunfilecheck)             Checksum: D41D8CD98F00B204E9800998ECF8427E;0.
 ) 
Here is how much of TeX's memory you used:
 27400 strings out of 478552
 555765 string characters out of 2851753
 800514 words of memory out of 3000000
 44975 multiletter control sequences out of 15000+600000
 475211 words of font info for 49 fonts, out of 8000000 for 9000
 1141 hyphenation exceptions out of 8191
 128i,16n,122p,1083b,589s stack positions out of 10000i,1000n,20000p,200000b,80000s
<C:/Program Files/MiKTeX/fonts/type1/public/amsfonts/cm/cmss10.pfb><C:/Progra
m Files/MiKTeX/fonts/type1/public/amsfonts/cm/cmss12.pfb><C:/Program Files/MiKT
eX/fonts/type1/public/amsfonts/cm/cmss8.pfb><C:/Program Files/MiKTeX/fonts/type
1/public/amsfonts/cm/cmssbx10.pfb><C:/Program Files/MiKTeX/fonts/type1/public/a
msfonts/cm/cmssi10.pfb><C:/Program Files/MiKTeX/fonts/type1/public/amsfonts/cm/
cmsy10.pfb>
Output written on TESIS_BEAMER.pdf (26 pages, 4193949 bytes).
PDF statistics:
 1433 PDF objects out of 1440 (max. 8388607)
 54 named destinations out of 1000 (max. 500000)
 902 words of extra memory for PDF output out of 10000 (max. 10000000)

