This is pdfTeX, Version 3.141592653-2.6-1.40.24 (MiKTeX 22.3) (preloaded format=pdflatex 2022.4.23)  20 DEC 2022 18:06
entering extended mode
 restricted \write18 enabled.
 %&-line parsing enabled.
**./TESIS_MCIC.tex
(TESIS_MCIC.tex
LaTeX2e <2021-11-15> patch level 1
L3 programming layer <2022-04-10>
(C:\Program Files\MiKTeX\tex/latex/base\book.cls
Document Class: book 2021/10/04 v1.4n Standard LaTeX document class
(C:\Program Files\MiKTeX\tex/latex/base\bk12.clo
File: bk12.clo 2021/10/04 v1.4n Standard LaTeX file (size option)
)
\c@part=\count185
\c@chapter=\count186
\c@section=\count187
\c@subsection=\count188
\c@subsubsection=\count189
\c@paragraph=\count190
\c@subparagraph=\count191
\c@figure=\count192
\c@table=\count193
\abovecaptionskip=\skip47
\belowcaptionskip=\skip48
\bibindent=\dimen138
)
(C:\Users\jamil\AppData\Roaming\MiKTeX\tex/latex/geometry\geometry.sty
Package: geometry 2020/01/02 v5.9 Page Geometry

(C:\Program Files\MiKTeX\tex/latex/graphics\keyval.sty
Package: keyval 2014/10/28 v1.15 key=value parser (DPC)
\KV@toks@=\toks16
)
(C:\Program Files\MiKTeX\tex/generic/iftex\ifvtex.sty
Package: ifvtex 2019/10/25 v1.7 ifvtex legacy package. Use iftex instead.

(C:\Program Files\MiKTeX\tex/generic/iftex\iftex.sty
Package: iftex 2022/02/03 v1.0f TeX engine tests
))
\Gm@cnth=\count194
\Gm@cntv=\count195
\c@Gm@tempcnt=\count196
\Gm@bindingoffset=\dimen139
\Gm@wd@mp=\dimen140
\Gm@odd@mp=\dimen141
\Gm@even@mp=\dimen142
\Gm@layoutwidth=\dimen143
\Gm@layoutheight=\dimen144
\Gm@layouthoffset=\dimen145
\Gm@layoutvoffset=\dimen146
\Gm@dimlist=\toks17

(C:\Users\jamil\AppData\Roaming\MiKTeX\tex/latex/geometry\geometry.cfg))
(C:\Program Files\MiKTeX\tex/generic/babel\babel.sty
Package: babel 2022/02/26 3.73 The Babel package
\babel@savecnt=\count197
\U@D=\dimen147
\l@unhyphenated=\language79

(C:\Program Files\MiKTeX\tex/generic/babel\txtbabel.def)
\bbl@readstream=\read2
\bbl@dirlevel=\count198

*************************************
* Local config file bblopts.cfg used
*
(C:\Program Files\MiKTeX\tex/latex/arabi\bblopts.cfg
File: bblopts.cfg 2005/09/08 v0.1 add Arabic and Farsi to "declared" options of
 babel
)
(C:\Users\jamil\AppData\Roaming\MiKTeX\tex/latex/babel-spanish\spanish.ldf
Language: spanish.ldf 2021/05/27 v5.0q Spanish support from the babel system
\es@quottoks=\toks18
\es@quotdepth=\count199
Package babel Info: Making " an active character on input line 570.
Package babel Info: Making . an active character on input line 675.
Package babel Info: Making < an active character on input line 722.
Package babel Info: Making > an active character on input line 722.
))
(C:\Program Files\MiKTeX\tex/latex/graphics\graphicx.sty
Package: graphicx 2021/09/16 v1.2d Enhanced LaTeX Graphics (DPC,SPQR)

(C:\Program Files\MiKTeX\tex/latex/graphics\graphics.sty
Package: graphics 2021/03/04 v1.4d Standard LaTeX Graphics (DPC,SPQR)

(C:\Program Files\MiKTeX\tex/latex/graphics\trig.sty
Package: trig 2021/08/11 v1.11 sin cos tan (DPC)
)
(C:\Program Files\MiKTeX\tex/latex/graphics-cfg\graphics.cfg
File: graphics.cfg 2016/06/04 v1.11 sample graphics configuration
)
Package graphics Info: Driver file: pdftex.def on input line 107.

(C:\Program Files\MiKTeX\tex/latex/graphics-def\pdftex.def
File: pdftex.def 2020/10/05 v1.2a Graphics/color driver for pdftex
))
\Gin@req@height=\dimen148
\Gin@req@width=\dimen149
)
(C:\Program Files\MiKTeX\tex/latex/listings\listings.sty
\lst@mode=\count266
\lst@gtempboxa=\box50
\lst@token=\toks19
\lst@length=\count267
\lst@currlwidth=\dimen150
\lst@column=\count268
\lst@pos=\count269
\lst@lostspace=\dimen151
\lst@width=\dimen152
\lst@newlines=\count270
\lst@lineno=\count271
\lst@maxwidth=\dimen153

(C:\Program Files\MiKTeX\tex/latex/listings\lstmisc.sty
File: lstmisc.sty 2020/03/24 1.8d (Carsten Heinz)
\c@lstnumber=\count272
\lst@skipnumbers=\count273
\lst@framebox=\box51
)
(C:\Program Files\MiKTeX\tex/latex/listings\listings.cfg
File: listings.cfg 2020/03/24 1.8d listings configuration
))
Package: listings 2020/03/24 1.8d (Carsten Heinz)

(C:\Users\jamil\AppData\Roaming\MiKTeX\tex/latex/enumitem\enumitem.sty
Package: enumitem 2019/06/20 v3.9 Customized lists
\labelindent=\skip49
\enit@outerparindent=\dimen154
\enit@toks=\toks20
\enit@inbox=\box52
\enit@count@id=\count274
\enitdp@description=\count275
)
(C:\Users\jamil\AppData\Roaming\MiKTeX\tex/latex/ulem\ulem.sty
\UL@box=\box53
\UL@hyphenbox=\box54
\UL@skip=\skip50
\UL@hook=\toks21
\UL@height=\dimen155
\UL@pe=\count276
\UL@pixel=\dimen156
\ULC@box=\box55
Package: ulem 2019/11/18
\ULdepth=\dimen157
)
(C:\Users\jamil\AppData\Roaming\MiKTeX\tex/latex/easylist\easylist.sty
Package: easylist 2014/01/11 v.1.4 Numbered items with a single command.
\el@CounterTotal=\count277
\el@Scratch=\count278
\el@ControlCounter=\count279
\el@CounterLevel=\count280
\c@List1=\count281
\c@List2=\count282
\c@List3=\count283
\c@List4=\count284
\c@List5=\count285
\c@List6=\count286
\c@List7=\count287
\c@List8=\count288
\c@List9=\count289
\c@List10=\count290
\el@ProgressiveDimension=\dimen158
\el@CounterBox=\box56
\el@ControlBox=\box57
\el@TotalMargin=\dimen159
\el@LeftMove=\dimen160
)
(C:\Users\jamil\AppData\Roaming\MiKTeX\tex/latex/bbding\bbding.sty
Package: bbding 1999/04/15 v1.01 Dingbats symbols
)
(C:\Program Files\MiKTeX\tex/latex/xcolor\xcolor.sty
Package: xcolor 2021/10/31 v2.13 LaTeX color extensions (UK)

(C:\Program Files\MiKTeX\tex/latex/graphics-cfg\color.cfg
File: color.cfg 2016/01/02 v1.6 sample color configuration
)
Package xcolor Info: Driver file: pdftex.def on input line 227.

(C:\Users\jamil\AppData\Roaming\MiKTeX\tex/latex/colortbl\colortbl.sty
Package: colortbl 2020/01/04 v1.0e Color table columns (DPC)

(C:\Program Files\MiKTeX\tex/latex/tools\array.sty
Package: array 2021/10/04 v2.5f Tabular extension package (FMi)
\col@sep=\dimen161
\ar@mcellbox=\box58
\extrarowheight=\dimen162
\NC@list=\toks22
\extratabsurround=\skip51
\backup@length=\skip52
\ar@cellbox=\box59
)
\everycr=\toks23
\minrowclearance=\skip53
)
\rownum=\count291
Package xcolor Info: Model `cmy' substituted by `cmy0' on input line 1352.
Package xcolor Info: Model `hsb' substituted by `rgb' on input line 1356.
Package xcolor Info: Model `RGB' extended on input line 1368.
Package xcolor Info: Model `HTML' substituted by `rgb' on input line 1370.
Package xcolor Info: Model `Hsb' substituted by `hsb' on input line 1371.
Package xcolor Info: Model `tHsb' substituted by `hsb' on input line 1372.
Package xcolor Info: Model `HSB' substituted by `hsb' on input line 1373.
Package xcolor Info: Model `Gray' substituted by `gray' on input line 1374.
Package xcolor Info: Model `wave' substituted by `hsb' on input line 1375.
)
(C:\Program Files\MiKTeX\tex/latex/standalone\standalone.sty
Package: standalone 2018/03/26 v1.3a Package to include TeX sub-files with prea
mbles

(C:\Program Files\MiKTeX\tex/latex/tools\shellesc.sty
Package: shellesc 2019/11/08 v1.0c unified shell escape interface for LaTeX
Package shellesc Info: Restricted shell escape enabled on input line 77.
)
(C:\Program Files\MiKTeX\tex/latex/xkeyval\xkeyval.sty
Package: xkeyval 2020/11/20 v2.8 package option processing (HA)

(C:\Program Files\MiKTeX\tex/generic/xkeyval\xkeyval.tex
(C:\Program Files\MiKTeX\tex/generic/xkeyval\xkvutils.tex
\XKV@toks=\toks24
\XKV@tempa@toks=\toks25
)
\XKV@depth=\count292
File: xkeyval.tex 2014/12/03 v2.7a key=value parser (HA)
))
(C:\Users\jamil\AppData\Roaming\MiKTeX\tex/latex/currfile\currfile.sty
Package: currfile 2020/09/29 v0.7d Provides the file path elements of the curre
nt input file

(C:\Users\jamil\AppData\Roaming\MiKTeX\tex/latex/kvoptions\kvoptions.sty
Package: kvoptions 2020-10-07 v3.14 Key value format for package options (HO)

(C:\Users\jamil\AppData\Roaming\MiKTeX\tex/generic/ltxcmds\ltxcmds.sty
Package: ltxcmds 2020-05-10 v1.25 LaTeX kernel commands for general use (HO)
)
(C:\Users\jamil\AppData\Roaming\MiKTeX\tex/generic/kvsetkeys\kvsetkeys.sty
Package: kvsetkeys 2019/12/15 v1.18 Key value parser (HO)
))
(C:\Users\jamil\AppData\Roaming\MiKTeX\tex/latex/filehook\filehook.sty
Package: filehook 2020/09/29 v0.8a Hooks for input files

(C:\Users\jamil\AppData\Roaming\MiKTeX\tex/latex/filehook\filehook-2020.sty
Package: filehook-2020 2020/09/29 v0.8a Hooks for input files
))
\c@currfiledepth=\count293
)
(C:\Users\jamil\AppData\Roaming\MiKTeX\tex/latex/gincltex\gincltex.sty
(C:\Users\jamil\AppData\Roaming\MiKTeX\tex/latex/svn-prov\svn-prov.sty
Package: svn-prov 2010/04/24 v3.1862 Package Date/Version from SVN Keywords
)
Package: gincltex 2011/09/04 v0.3 Include external LaTeX files like graphics

(C:\Users\jamil\AppData\Roaming\MiKTeX\tex/latex/adjustbox\adjustbox.sty
Package: adjustbox 2020/08/19 v1.3 Adjusting TeX boxes (trim, clip, ...)

(C:\Users\jamil\AppData\Roaming\MiKTeX\tex/latex/adjustbox\adjcalc.sty
Package: adjcalc 2012/05/16 v1.1 Provides advanced setlength with multiple back
-ends (calc, etex, pgfmath)
)
(C:\Users\jamil\AppData\Roaming\MiKTeX\tex/latex/adjustbox\trimclip.sty
Package: trimclip 2020/08/19 v1.2 Trim and clip general TeX material

(C:\Users\jamil\AppData\Roaming\MiKTeX\tex/latex/collectbox\collectbox.sty
Package: collectbox 2012/05/17 v0.4b Collect macro arguments as boxes
\collectedbox=\box60
)
\tc@llx=\dimen163
\tc@lly=\dimen164
\tc@urx=\dimen165
\tc@ury=\dimen166
Package trimclip Info: Using driver 'tc-pdftex.def'.

(C:\Users\jamil\AppData\Roaming\MiKTeX\tex/latex/adjustbox\tc-pdftex.def
File: tc-pdftex.def 2019/01/04 v2.2 Clipping driver for pdftex
))
\adjbox@Width=\dimen167
\adjbox@Height=\dimen168
\adjbox@Depth=\dimen169
\adjbox@Totalheight=\dimen170
\adjbox@pwidth=\dimen171
\adjbox@pheight=\dimen172
\adjbox@pdepth=\dimen173
\adjbox@ptotalheight=\dimen174

(C:\Users\jamil\AppData\Roaming\MiKTeX\tex/latex/ifoddpage\ifoddpage.sty
Package: ifoddpage 2016/04/23 v1.1 Conditionals for odd/even page detection
\c@checkoddpage=\count294
)
(C:\Users\jamil\AppData\Roaming\MiKTeX\tex/latex/varwidth\varwidth.sty
Package: varwidth 2009/03/30 ver 0.92;  Variable-width minipages
\@vwid@box=\box61
\sift@deathcycles=\count295
\@vwid@loff=\dimen175
\@vwid@roff=\dimen176
))
\gincltex@box=\box62
)
(C:\Users\jamil\AppData\Roaming\MiKTeX\tex/latex/filemod\filemod-expmin.sty
Package: filemod-expmin 2011/09/19 v1.2 Get and compare file modification times
 (expandable; minimal)
))
(C:\Program Files\MiKTeX\tex/latex/tcolorbox\tcolorbox.sty
Package: tcolorbox 2022/01/07 version 5.0.2 text color boxes

(C:\Program Files\MiKTeX\tex/latex/pgf/basiclayer\pgf.sty
(C:\Program Files\MiKTeX\tex/latex/pgf/utilities\pgfrcs.sty
(C:\Program Files\MiKTeX\tex/generic/pgf/utilities\pgfutil-common.tex
\pgfutil@everybye=\toks26
\pgfutil@tempdima=\dimen177
\pgfutil@tempdimb=\dimen178

(C:\Program Files\MiKTeX\tex/generic/pgf/utilities\pgfutil-common-lists.tex))
(C:\Program Files\MiKTeX\tex/generic/pgf/utilities\pgfutil-latex.def
\pgfutil@abb=\box63
)
(C:\Program Files\MiKTeX\tex/generic/pgf/utilities\pgfrcs.code.tex
(C:\Program Files\MiKTeX\tex/generic/pgf\pgf.revision.tex)
Package: pgfrcs 2021/05/15 v3.1.9a (3.1.9a)
))
Package: pgf 2021/05/15 v3.1.9a (3.1.9a)

(C:\Program Files\MiKTeX\tex/latex/pgf/basiclayer\pgfcore.sty
(C:\Program Files\MiKTeX\tex/latex/pgf/systemlayer\pgfsys.sty
(C:\Program Files\MiKTeX\tex/generic/pgf/systemlayer\pgfsys.code.tex
Package: pgfsys 2021/05/15 v3.1.9a (3.1.9a)

(C:\Program Files\MiKTeX\tex/generic/pgf/utilities\pgfkeys.code.tex
\pgfkeys@pathtoks=\toks27
\pgfkeys@temptoks=\toks28

(C:\Program Files\MiKTeX\tex/generic/pgf/utilities\pgfkeysfiltered.code.tex
\pgfkeys@tmptoks=\toks29
))
\pgf@x=\dimen179
\pgf@y=\dimen180
\pgf@xa=\dimen181
\pgf@ya=\dimen182
\pgf@xb=\dimen183
\pgf@yb=\dimen184
\pgf@xc=\dimen185
\pgf@yc=\dimen186
\pgf@xd=\dimen187
\pgf@yd=\dimen188
\w@pgf@writea=\write3
\r@pgf@reada=\read3
\c@pgf@counta=\count296
\c@pgf@countb=\count297
\c@pgf@countc=\count298
\c@pgf@countd=\count299
\t@pgf@toka=\toks30
\t@pgf@tokb=\toks31
\t@pgf@tokc=\toks32
\pgf@sys@id@count=\count300

(C:\Program Files\MiKTeX\tex/generic/pgf/systemlayer\pgf.cfg
File: pgf.cfg 2021/05/15 v3.1.9a (3.1.9a)
)
Driver file for pgf: pgfsys-pdftex.def

(C:\Program Files\MiKTeX\tex/generic/pgf/systemlayer\pgfsys-pdftex.def
File: pgfsys-pdftex.def 2021/05/15 v3.1.9a (3.1.9a)

(C:\Program Files\MiKTeX\tex/generic/pgf/systemlayer\pgfsys-common-pdf.def
File: pgfsys-common-pdf.def 2021/05/15 v3.1.9a (3.1.9a)
)))
(C:\Program Files\MiKTeX\tex/generic/pgf/systemlayer\pgfsyssoftpath.code.tex
File: pgfsyssoftpath.code.tex 2021/05/15 v3.1.9a (3.1.9a)
\pgfsyssoftpath@smallbuffer@items=\count301
\pgfsyssoftpath@bigbuffer@items=\count302
)
(C:\Program Files\MiKTeX\tex/generic/pgf/systemlayer\pgfsysprotocol.code.tex
File: pgfsysprotocol.code.tex 2021/05/15 v3.1.9a (3.1.9a)
))
(C:\Program Files\MiKTeX\tex/generic/pgf/basiclayer\pgfcore.code.tex
Package: pgfcore 2021/05/15 v3.1.9a (3.1.9a)

(C:\Program Files\MiKTeX\tex/generic/pgf/math\pgfmath.code.tex
(C:\Program Files\MiKTeX\tex/generic/pgf/math\pgfmathcalc.code.tex
(C:\Program Files\MiKTeX\tex/generic/pgf/math\pgfmathutil.code.tex)
(C:\Program Files\MiKTeX\tex/generic/pgf/math\pgfmathparser.code.tex
\pgfmath@dimen=\dimen189
\pgfmath@count=\count303
\pgfmath@box=\box64
\pgfmath@toks=\toks33
\pgfmath@stack@operand=\toks34
\pgfmath@stack@operation=\toks35
)
(C:\Program Files\MiKTeX\tex/generic/pgf/math\pgfmathfunctions.code.tex
(C:\Program Files\MiKTeX\tex/generic/pgf/math\pgfmathfunctions.basic.code.tex)
(C:\Program Files\MiKTeX\tex/generic/pgf/math\pgfmathfunctions.trigonometric.co
de.tex)
(C:\Program Files\MiKTeX\tex/generic/pgf/math\pgfmathfunctions.random.code.tex)

(C:\Program Files\MiKTeX\tex/generic/pgf/math\pgfmathfunctions.comparison.code.
tex)
(C:\Program Files\MiKTeX\tex/generic/pgf/math\pgfmathfunctions.base.code.tex)
(C:\Program Files\MiKTeX\tex/generic/pgf/math\pgfmathfunctions.round.code.tex)
(C:\Program Files\MiKTeX\tex/generic/pgf/math\pgfmathfunctions.misc.code.tex)
(C:\Program Files\MiKTeX\tex/generic/pgf/math\pgfmathfunctions.integerarithmeti
cs.code.tex)))
(C:\Program Files\MiKTeX\tex/generic/pgf/math\pgfmathfloat.code.tex
\c@pgfmathroundto@lastzeros=\count304
))
(C:\Program Files\MiKTeX\tex/generic/pgf/math\pgfint.code.tex)
(C:\Program Files\MiKTeX\tex/generic/pgf/basiclayer\pgfcorepoints.code.tex
File: pgfcorepoints.code.tex 2021/05/15 v3.1.9a (3.1.9a)
\pgf@picminx=\dimen190
\pgf@picmaxx=\dimen191
\pgf@picminy=\dimen192
\pgf@picmaxy=\dimen193
\pgf@pathminx=\dimen194
\pgf@pathmaxx=\dimen195
\pgf@pathminy=\dimen196
\pgf@pathmaxy=\dimen197
\pgf@xx=\dimen198
\pgf@xy=\dimen199
\pgf@yx=\dimen256
\pgf@yy=\dimen257
\pgf@zx=\dimen258
\pgf@zy=\dimen259
)
(C:\Program Files\MiKTeX\tex/generic/pgf/basiclayer\pgfcorepathconstruct.code.t
ex
File: pgfcorepathconstruct.code.tex 2021/05/15 v3.1.9a (3.1.9a)
\pgf@path@lastx=\dimen260
\pgf@path@lasty=\dimen261
)
(C:\Program Files\MiKTeX\tex/generic/pgf/basiclayer\pgfcorepathusage.code.tex
File: pgfcorepathusage.code.tex 2021/05/15 v3.1.9a (3.1.9a)
\pgf@shorten@end@additional=\dimen262
\pgf@shorten@start@additional=\dimen263
)
(C:\Program Files\MiKTeX\tex/generic/pgf/basiclayer\pgfcorescopes.code.tex
File: pgfcorescopes.code.tex 2021/05/15 v3.1.9a (3.1.9a)
\pgfpic=\box65
\pgf@hbox=\box66
\pgf@layerbox@main=\box67
\pgf@picture@serial@count=\count305
)
(C:\Program Files\MiKTeX\tex/generic/pgf/basiclayer\pgfcoregraphicstate.code.te
x
File: pgfcoregraphicstate.code.tex 2021/05/15 v3.1.9a (3.1.9a)
\pgflinewidth=\dimen264
)
(C:\Program Files\MiKTeX\tex/generic/pgf/basiclayer\pgfcoretransformations.code
.tex
File: pgfcoretransformations.code.tex 2021/05/15 v3.1.9a (3.1.9a)
\pgf@pt@x=\dimen265
\pgf@pt@y=\dimen266
\pgf@pt@temp=\dimen267
) (C:\Program Files\MiKTeX\tex/generic/pgf/basiclayer\pgfcorequick.code.tex
File: pgfcorequick.code.tex 2021/05/15 v3.1.9a (3.1.9a)
) (C:\Program Files\MiKTeX\tex/generic/pgf/basiclayer\pgfcoreobjects.code.tex
File: pgfcoreobjects.code.tex 2021/05/15 v3.1.9a (3.1.9a)
)
(C:\Program Files\MiKTeX\tex/generic/pgf/basiclayer\pgfcorepathprocessing.code.
tex
File: pgfcorepathprocessing.code.tex 2021/05/15 v3.1.9a (3.1.9a)
) (C:\Program Files\MiKTeX\tex/generic/pgf/basiclayer\pgfcorearrows.code.tex
File: pgfcorearrows.code.tex 2021/05/15 v3.1.9a (3.1.9a)
\pgfarrowsep=\dimen268
) (C:\Program Files\MiKTeX\tex/generic/pgf/basiclayer\pgfcoreshade.code.tex
File: pgfcoreshade.code.tex 2021/05/15 v3.1.9a (3.1.9a)
\pgf@max=\dimen269
\pgf@sys@shading@range@num=\count306
\pgf@shadingcount=\count307
)
(C:\Program Files\MiKTeX\tex/generic/pgf/basiclayer\pgfcoreimage.code.tex
File: pgfcoreimage.code.tex 2021/05/15 v3.1.9a (3.1.9a)

(C:\Program Files\MiKTeX\tex/generic/pgf/basiclayer\pgfcoreexternal.code.tex
File: pgfcoreexternal.code.tex 2021/05/15 v3.1.9a (3.1.9a)
\pgfexternal@startupbox=\box68
))
(C:\Program Files\MiKTeX\tex/generic/pgf/basiclayer\pgfcorelayers.code.tex
File: pgfcorelayers.code.tex 2021/05/15 v3.1.9a (3.1.9a)
)
(C:\Program Files\MiKTeX\tex/generic/pgf/basiclayer\pgfcoretransparency.code.te
x
File: pgfcoretransparency.code.tex 2021/05/15 v3.1.9a (3.1.9a)
) (C:\Program Files\MiKTeX\tex/generic/pgf/basiclayer\pgfcorepatterns.code.tex
File: pgfcorepatterns.code.tex 2021/05/15 v3.1.9a (3.1.9a)
) (C:\Program Files\MiKTeX\tex/generic/pgf/basiclayer\pgfcorerdf.code.tex
File: pgfcorerdf.code.tex 2021/05/15 v3.1.9a (3.1.9a)
)))
(C:\Program Files\MiKTeX\tex/generic/pgf/modules\pgfmoduleshapes.code.tex
File: pgfmoduleshapes.code.tex 2021/05/15 v3.1.9a (3.1.9a)
\pgfnodeparttextbox=\box69
)
(C:\Program Files\MiKTeX\tex/generic/pgf/modules\pgfmoduleplot.code.tex
File: pgfmoduleplot.code.tex 2021/05/15 v3.1.9a (3.1.9a)
)
(C:\Program Files\MiKTeX\tex/latex/pgf/compatibility\pgfcomp-version-0-65.sty
Package: pgfcomp-version-0-65 2021/05/15 v3.1.9a (3.1.9a)
\pgf@nodesepstart=\dimen270
\pgf@nodesepend=\dimen271
)
(C:\Program Files\MiKTeX\tex/latex/pgf/compatibility\pgfcomp-version-1-18.sty
Package: pgfcomp-version-1-18 2021/05/15 v3.1.9a (3.1.9a)
)) (C:\Program Files\MiKTeX\tex/latex/tools\verbatim.sty
Package: verbatim 2020-07-07 v1.5u LaTeX2e package for verbatim enhancements
\every@verbatim=\toks36
\verbatim@line=\toks37
\verbatim@in@stream=\read4
)
(C:\Program Files\MiKTeX\tex/latex/environ\environ.sty
Package: environ 2014/05/04 v0.3 A new way to define environments

(C:\Program Files\MiKTeX\tex/latex/trimspaces\trimspaces.sty
Package: trimspaces 2009/09/17 v1.1 Trim spaces around a token list
)
\@envbody=\toks38
)
(C:\Program Files\MiKTeX\tex/latex/etoolbox\etoolbox.sty
Package: etoolbox 2020/10/05 v2.5k e-TeX tools for LaTeX (JAW)
\etb@tempcnta=\count308
)
\tcb@titlebox=\box70
\tcb@upperbox=\box71
\tcb@lowerbox=\box72
\tcb@phantombox=\box73
\c@tcbbreakpart=\count309
\c@tcblayer=\count310
\c@tcolorbox@number=\count311
\tcb@temp=\box74
\tcb@temp=\box75
\tcb@temp=\box76
\tcb@temp=\box77

(C:\Program Files\MiKTeX\tex/latex/tcolorbox\tcbbreakable.code.tex
Library (tcolorbox): 'tcbbreakable.code.tex' version '5.0.2'
(C:\Program Files\MiKTeX\tex/generic/oberdiek\pdfcol.sty
Package: pdfcol 2019/12/29 v1.6 Handle new color stacks for pdfTeX (HO)

(C:\Users\jamil\AppData\Roaming\MiKTeX\tex/generic/infwarerr\infwarerr.sty
Package: infwarerr 2019/12/03 v1.5 Providing info/warning/error messages (HO)
))
Package pdfcol Info: New color stack `tcb@breakable' = 1 on input line 23.
\tcb@testbox=\box78
\tcb@totalupperbox=\box79
\tcb@totallowerbox=\box80
))
(C:\Users\jamil\AppData\Roaming\MiKTeX\tex/latex/upquote\upquote.sty
Package: upquote 2012/04/19 v1.3 upright-quote and grave-accent glyphs in verba
tim
)
(C:\Users\jamil\AppData\Roaming\MiKTeX\tex/latex/fancyvrb\fancyvrb.sty
Package: fancyvrb 2022/04/12 4.2 verbatim text (tvz,hv)
\FV@CodeLineNo=\count312
\FV@InFile=\read5
\FV@TabBox=\box81
\c@FancyVerbLine=\count313
\FV@StepNumber=\count314
\FV@OutFile=\write4
)
(C:\Users\jamil\AppData\Roaming\MiKTeX\tex/latex/grffile\grffile.sty
Package: grffile 2019/11/11 v2.1 Extended file name support for graphics (legac
y)
Package grffile Info: This package is an empty stub for compatibility on input 
line 40.
)
(C:\Program Files\MiKTeX\tex/latex/tools\longtable.sty
Package: longtable 2021-09-01 v4.17 Multi-page Table package (DPC)
\LTleft=\skip54
\LTright=\skip55
\LTpre=\skip56
\LTpost=\skip57
\LTchunksize=\count315
\LTcapwidth=\dimen272
\LT@head=\box82
\LT@firsthead=\box83
\LT@foot=\box84
\LT@lastfoot=\box85
\LT@gbox=\box86
\LT@cols=\count316
\LT@rows=\count317
\c@LT@tables=\count318
\c@LT@chunks=\count319
\LT@p@ftn=\toks39
)
(C:\Users\jamil\AppData\Roaming\MiKTeX\tex/latex/booktabs\booktabs.sty
Package: booktabs 2020/01/12 v1.61803398 Publication quality tables
\heavyrulewidth=\dimen273
\lightrulewidth=\dimen274
\cmidrulewidth=\dimen275
\belowrulesep=\dimen276
\belowbottomsep=\dimen277
\aboverulesep=\dimen278
\abovetopsep=\dimen279
\cmidrulesep=\dimen280
\cmidrulekern=\dimen281
\defaultaddspace=\dimen282
\@cmidla=\count320
\@cmidlb=\count321
\@aboverulesep=\dimen283
\@belowrulesep=\dimen284
\@thisruleclass=\count322
\@lastruleclass=\count323
\@thisrulewidth=\dimen285
)
(C:\Users\jamil\AppData\Roaming\MiKTeX\tex/latex/float\float.sty
Package: float 2001/11/08 v1.3d Float enhancements (AL)
\c@float@type=\count324
\float@exts=\toks40
\float@box=\box87
\@float@everytoks=\toks41
\@floatcapt=\box88
)
(C:\Program Files\MiKTeX\tex/latex/amsmath\amsmath.sty
Package: amsmath 2021/10/15 v2.17l AMS math features
\@mathmargin=\skip58

For additional information on amsmath, use the `?' option.
(C:\Program Files\MiKTeX\tex/latex/amsmath\amstext.sty
Package: amstext 2021/08/26 v2.01 AMS text

(C:\Program Files\MiKTeX\tex/latex/amsmath\amsgen.sty
File: amsgen.sty 1999/11/30 v2.0 generic functions
\@emptytoks=\toks42
\ex@=\dimen286
))
(C:\Program Files\MiKTeX\tex/latex/amsmath\amsbsy.sty
Package: amsbsy 1999/11/29 v1.2d Bold Symbols
\pmbraise@=\dimen287
)
(C:\Program Files\MiKTeX\tex/latex/amsmath\amsopn.sty
Package: amsopn 2021/08/26 v2.02 operator names
)
\inf@bad=\count325
LaTeX Info: Redefining \frac on input line 234.
\uproot@=\count326
\leftroot@=\count327
LaTeX Info: Redefining \overline on input line 399.
\classnum@=\count328
\DOTSCASE@=\count329
LaTeX Info: Redefining \ldots on input line 496.
LaTeX Info: Redefining \dots on input line 499.
LaTeX Info: Redefining \cdots on input line 620.
\Mathstrutbox@=\box89
\strutbox@=\box90
\big@size=\dimen288
LaTeX Font Info:    Redeclaring font encoding OML on input line 743.
LaTeX Font Info:    Redeclaring font encoding OMS on input line 744.
\macc@depth=\count330
\c@MaxMatrixCols=\count331
\dotsspace@=\muskip16
\c@parentequation=\count332
\dspbrk@lvl=\count333
\tag@help=\toks43
\row@=\count334
\column@=\count335
\maxfields@=\count336
\andhelp@=\toks44
\eqnshift@=\dimen289
\alignsep@=\dimen290
\tagshift@=\dimen291
\tagwidth@=\dimen292
\totwidth@=\dimen293
\lineht@=\dimen294
\@envbody=\toks45
\multlinegap=\skip59
\multlinetaggap=\skip60
\mathdisplay@stack=\toks46
LaTeX Info: Redefining \[ on input line 2938.
LaTeX Info: Redefining \] on input line 2939.
)
(C:\Program Files\MiKTeX\tex/latex/amsfonts\amssymb.sty
Package: amssymb 2013/01/14 v3.01 AMS font symbols

(C:\Program Files\MiKTeX\tex/latex/amsfonts\amsfonts.sty
Package: amsfonts 2013/01/14 v3.01 Basic AMSFonts support
\symAMSa=\mathgroup4
\symAMSb=\mathgroup5
LaTeX Font Info:    Redeclaring math symbol \hbar on input line 98.
LaTeX Font Info:    Overwriting math alphabet `\mathfrak' in version `bold'
(Font)                  U/euf/m/n --> U/euf/b/n on input line 106.
))
(C:\Program Files\MiKTeX\tex/latex/base\textcomp.sty
Package: textcomp 2020/02/02 v2.0n Standard LaTeX package
)
(C:\Program Files\MiKTeX\tex/latex/hyperref\hyperref.sty
Package: hyperref 2022-02-21 v7.00n Hypertext links for LaTeX

(C:\Program Files\MiKTeX\tex/generic/pdftexcmds\pdftexcmds.sty
Package: pdftexcmds 2020-06-27 v0.33 Utility functions of pdfTeX for LuaTeX (HO
)
Package pdftexcmds Info: \pdf@primitive is available.
Package pdftexcmds Info: \pdf@ifprimitive is available.
Package pdftexcmds Info: \pdfdraftmode found.
)
(C:\Users\jamil\AppData\Roaming\MiKTeX\tex/generic/kvdefinekeys\kvdefinekeys.st
y
Package: kvdefinekeys 2019-12-19 v1.6 Define keys (HO)
) (C:\Users\jamil\AppData\Roaming\MiKTeX\tex/generic/pdfescape\pdfescape.sty
Package: pdfescape 2019/12/09 v1.15 Implements pdfTeX's escape features (HO)
)
(C:\Users\jamil\AppData\Roaming\MiKTeX\tex/latex/hycolor\hycolor.sty
Package: hycolor 2020-01-27 v1.10 Color options for hyperref/bookmark (HO)
)
(C:\Users\jamil\AppData\Roaming\MiKTeX\tex/latex/letltxmacro\letltxmacro.sty
Package: letltxmacro 2019/12/03 v1.6 Let assignment for LaTeX macros (HO)
)
(C:\Users\jamil\AppData\Roaming\MiKTeX\tex/latex/auxhook\auxhook.sty
Package: auxhook 2019-12-17 v1.6 Hooks for auxiliary files (HO)
)
\@linkdim=\dimen295
\Hy@linkcounter=\count337
\Hy@pagecounter=\count338

(C:\Program Files\MiKTeX\tex/latex/hyperref\pd1enc.def
File: pd1enc.def 2022-02-21 v7.00n Hyperref: PDFDocEncoding definition (HO)
Now handling font encoding PD1 ...
... no UTF-8 mapping file for font encoding PD1
)
(C:\Users\jamil\AppData\Roaming\MiKTeX\tex/generic/intcalc\intcalc.sty
Package: intcalc 2019/12/15 v1.3 Expandable calculations with integers (HO)
)
(C:\Users\jamil\AppData\Roaming\MiKTeX\tex/generic/etexcmds\etexcmds.sty
Package: etexcmds 2019/12/15 v1.7 Avoid name clashes with e-TeX commands (HO)
)
\Hy@SavedSpaceFactor=\count339

(C:\Program Files\MiKTeX\tex/latex/hyperref\puenc.def
File: puenc.def 2022-02-21 v7.00n Hyperref: PDF Unicode definition (HO)
Now handling font encoding PU ...
... no UTF-8 mapping file for font encoding PU
)
Package hyperref Info: Hyper figures OFF on input line 4137.
Package hyperref Info: Link nesting OFF on input line 4142.
Package hyperref Info: Hyper index ON on input line 4145.
Package hyperref Info: Plain pages OFF on input line 4152.
Package hyperref Info: Backreferencing OFF on input line 4157.
Package hyperref Info: Implicit mode ON; LaTeX internals redefined.
Package hyperref Info: Bookmarks ON on input line 4390.
\c@Hy@tempcnt=\count340

(C:\Program Files\MiKTeX\tex/latex/url\url.sty
\Urlmuskip=\muskip17
Package: url 2013/09/16  ver 3.4  Verb mode for urls, etc.
)
LaTeX Info: Redefining \url on input line 4749.
\XeTeXLinkMargin=\dimen296

(C:\Users\jamil\AppData\Roaming\MiKTeX\tex/generic/bitset\bitset.sty
Package: bitset 2019/12/09 v1.3 Handle bit-vector datatype (HO)

(C:\Users\jamil\AppData\Roaming\MiKTeX\tex/generic/bigintcalc\bigintcalc.sty
Package: bigintcalc 2019/12/15 v1.5 Expandable calculations on big integers (HO
)
))
\Fld@menulength=\count341
\Field@Width=\dimen297
\Fld@charsize=\dimen298
Package hyperref Info: Hyper figures OFF on input line 6027.
Package hyperref Info: Link nesting OFF on input line 6032.
Package hyperref Info: Hyper index ON on input line 6035.
Package hyperref Info: backreferencing OFF on input line 6042.
Package hyperref Info: Link coloring OFF on input line 6047.
Package hyperref Info: Link coloring with OCG OFF on input line 6052.
Package hyperref Info: PDF/A mode OFF on input line 6057.
LaTeX Info: Redefining \ref on input line 6097.
LaTeX Info: Redefining \pageref on input line 6101.

(C:\Program Files\MiKTeX\tex/latex/base\atbegshi-ltx.sty
Package: atbegshi-ltx 2021/01/10 v1.0c Emulation of the original atbegshi
package with kernel methods
)
\Hy@abspage=\count342
\c@Item=\count343
\c@Hfootnote=\count344
)
Package hyperref Info: Driver: hpdftex.

(C:\Program Files\MiKTeX\tex/latex/hyperref\hpdftex.def
File: hpdftex.def 2022-02-21 v7.00n Hyperref driver for pdfTeX

(C:\Program Files\MiKTeX\tex/latex/base\atveryend-ltx.sty
Package: atveryend-ltx 2020/08/19 v1.0a Emulation of the original atveryend pac
kage
with kernel methods
)
\Fld@listcount=\count345
\c@bookmark@seq@number=\count346

(C:\Users\jamil\AppData\Roaming\MiKTeX\tex/latex/rerunfilecheck\rerunfilecheck.
sty
Package: rerunfilecheck 2019/12/05 v1.9 Rerun checks for auxiliary files (HO)

(C:\Users\jamil\AppData\Roaming\MiKTeX\tex/generic/uniquecounter\uniquecounter.
sty
Package: uniquecounter 2019/12/15 v1.4 Provide unlimited unique counter (HO)
)
Package uniquecounter Info: New unique counter `rerunfilecheck' on input line 2
86.
)
\Hy@SectionHShift=\skip61
) (C:\Users\jamil\AppData\Roaming\MiKTeX\tex/latex/jknappen\mathrsfs.sty
Package: mathrsfs 1996/01/01 Math RSFS package v1.0 (jk)
\symrsfs=\mathgroup6
)
(C:\Program Files\MiKTeX\tex/latex/tools\multicol.sty
Package: multicol 2021/10/28 v1.9b multicolumn formatting (FMi)
\c@tracingmulticols=\count347
\mult@box=\box91
\multicol@leftmargin=\dimen299
\c@unbalance=\count348
\c@collectmore=\count349
\doublecol@number=\count350
\multicoltolerance=\count351
\multicolpretolerance=\count352
\full@width=\dimen300
\page@free=\dimen301
\premulticols=\dimen302
\postmulticols=\dimen303
\multicolsep=\skip62
\multicolbaselineskip=\skip63
\partial@page=\box92
\last@line=\box93
\maxbalancingoverflow=\dimen304
\mult@rightbox=\box94
\mult@grightbox=\box95
\mult@firstbox=\box96
\mult@gfirstbox=\box97
\@tempa=\box98
\@tempa=\box99
\@tempa=\box100
\@tempa=\box101
\@tempa=\box102
\@tempa=\box103
\@tempa=\box104
\@tempa=\box105
\@tempa=\box106
\@tempa=\box107
\@tempa=\box108
\@tempa=\box109
\@tempa=\box110
\@tempa=\box111
\@tempa=\box112
\@tempa=\box113
\@tempa=\box114
\@tempa=\box115
\@tempa=\box116
\@tempa=\box117
\@tempa=\box118
\@tempa=\box119
\@tempa=\box120
\@tempa=\box121
\@tempa=\box122
\@tempa=\box123
\@tempa=\box124
\@tempa=\box125
\@tempa=\box126
\@tempa=\box127
\@tempa=\box128
\@tempa=\box129
\@tempa=\box130
\@tempa=\box131
\@tempa=\box132
\@tempa=\box133
\c@minrows=\count353
\c@columnbadness=\count354
\c@finalcolumnbadness=\count355
\last@try=\dimen305
\multicolovershoot=\dimen306
\multicolundershoot=\dimen307
\mult@nat@firstbox=\box134
\colbreak@box=\box135
\mc@col@check@num=\count356
)
(C:\Users\jamil\AppData\Roaming\MiKTeX\tex/latex/threeparttable\threeparttable.
sty
Package: threeparttable 2003/06/13  v 3.0
\@tempboxb=\box136
) (C:\Users\jamil\AppData\Roaming\MiKTeX\tex/latex/footmisc\footmisc.sty
Package: footmisc 2022/03/08 v6.0d a miscellany of footnote facilities
\FN@temptoken=\toks47
\footnotemargin=\dimen308
\@outputbox@depth=\dimen309
Package footmisc Info: Declaring symbol style bringhurst on input line 695.
Package footmisc Info: Declaring symbol style chicago on input line 703.
Package footmisc Info: Declaring symbol style wiley on input line 712.
Package footmisc Info: Declaring symbol style lamport-robust on input line 723.

Package footmisc Info: Declaring symbol style lamport* on input line 743.
Package footmisc Info: Declaring symbol style lamport*-robust on input line 764
.
)
Package hyperref Info: Option `colorlinks' set `true' on input line 51.


Package hyperref Warning: Option `bookmarks' has already been used,
(hyperref)                setting the option has no effect on input line 51.

(C:\Program Files\MiKTeX\tex/latex/l3backend\l3backend-pdftex.def
File: l3backend-pdftex.def 2022-04-14 L3 backend support: PDF output (pdfTeX)
\l__color_backend_stack_int=\count357
\l__pdf_internal_box=\box137
)
(TESIS_MCIC.aux
LaTeX Info: Redefining \. on input line 26.
LaTeX Info: Redefining \% on input line 26.
 (ARQUITECTURA/organizacion.aux) (ARQUITECTURA/motivacion.aux)
(ARQUITECTURA/estrategica.aux) (ARQUITECTURA/negocio.aux)
(ARQUITECTURA/aplicacion.aux) (ARQUITECTURA/tecnologia.aux)
(ARQUITECTURA/implementacion.aux))
\openout1 = `TESIS_MCIC.aux'.

LaTeX Font Info:    Checking defaults for OML/cmm/m/it on input line 58.
LaTeX Font Info:    ... okay on input line 58.
LaTeX Font Info:    Checking defaults for OMS/cmsy/m/n on input line 58.
LaTeX Font Info:    ... okay on input line 58.
LaTeX Font Info:    Checking defaults for OT1/cmr/m/n on input line 58.
LaTeX Font Info:    ... okay on input line 58.
LaTeX Font Info:    Checking defaults for T1/cmr/m/n on input line 58.
LaTeX Font Info:    ... okay on input line 58.
LaTeX Font Info:    Checking defaults for TS1/cmr/m/n on input line 58.
LaTeX Font Info:    ... okay on input line 58.
LaTeX Font Info:    Checking defaults for OMX/cmex/m/n on input line 58.
LaTeX Font Info:    ... okay on input line 58.
LaTeX Font Info:    Checking defaults for U/cmr/m/n on input line 58.
LaTeX Font Info:    ... okay on input line 58.
LaTeX Font Info:    Checking defaults for PD1/pdf/m/n on input line 58.
LaTeX Font Info:    ... okay on input line 58.
LaTeX Font Info:    Checking defaults for PU/pdf/m/n on input line 58.
LaTeX Font Info:    ... okay on input line 58.

*geometry* driver: auto-detecting
*geometry* detected driver: pdftex
*geometry* verbose mode - [ preamble ] result:
* driver: pdftex
* paper: a4paper
* layout: <same size as paper>
* layoutoffset:(h,v)=(0.0pt,0.0pt)
* modes: twoside 
* h-part:(L,W,R)=(85.35826pt, 426.79135pt, 85.35826pt)
* v-part:(T,H,B)=(101.40665pt, 591.5302pt, 152.11pt)
* \paperwidth=597.50787pt
* \paperheight=845.04684pt
* \textwidth=426.79135pt
* \textheight=591.5302pt
* \oddsidemargin=13.08827pt
* \evensidemargin=13.08827pt
* \topmargin=-2.73714pt
* \headheight=12.0pt
* \headsep=19.8738pt
* \topskip=12.0pt
* \footskip=30.0pt
* \marginparwidth=98.0pt
* \marginparsep=7.0pt
* \columnsep=10.0pt
* \skip\footins=10.8pt plus 4.0pt minus 2.0pt
* \hoffset=0.0pt
* \voffset=0.0pt
* \mag=1000
* \@twocolumnfalse
* \@twosidetrue
* \@mparswitchtrue
* \@reversemarginfalse
* (1in=72.27pt=25.4mm, 1cm=28.453pt)

LaTeX Info: Redefining \. on input line 58.
LaTeX Info: Redefining \% on input line 58.
(C:\Program Files\MiKTeX\tex/context/base/mkii\supp-pdf.mkii
[Loading MPS to PDF converter (version 2006.09.02).]
\scratchcounter=\count358
\scratchdimen=\dimen310
\scratchbox=\box138
\nofMPsegments=\count359
\nofMParguments=\count360
\everyMPshowfont=\toks48
\MPscratchCnt=\count361
\MPscratchDim=\dimen311
\MPnumerator=\count362
\makeMPintoPDFobject=\count363
\everyMPtoPDFconversion=\toks49
) (C:\Program Files\MiKTeX\tex/latex/epstopdf-pkg\epstopdf-base.sty
Package: epstopdf-base 2020-01-24 v2.11 Base part for package epstopdf

(C:\Users\jamil\AppData\Roaming\MiKTeX\tex/latex/grfext\grfext.sty
Package: grfext 2019/12/03 v1.3 Manage graphics extensions (HO)
)
Package epstopdf-base Info: Redefining graphics rule for `.eps' on input line 4
85.
Package grfext Info: Graphics extension search list:
(grfext)             [.pdf,.png,.jpg,.mps,.jpeg,.jbig2,.jb2,.PDF,.PNG,.JPG,.JPE
G,.JBIG2,.JB2,.eps]
(grfext)             \AppendGraphicsExtensions on input line 504.

(C:\Program Files\MiKTeX\tex/latex/00miktex\epstopdf-sys.cfg
File: epstopdf-sys.cfg 2021/03/18 v2.0 Configuration of epstopdf for MiKTeX
))
\c@lstlisting=\count364
Package hyperref Info: Link coloring ON on input line 58.

(C:\Program Files\MiKTeX\tex/latex/hyperref\nameref.sty
Package: nameref 2021-04-02 v2.47 Cross-referencing by name of section

(C:\Users\jamil\AppData\Roaming\MiKTeX\tex/latex/refcount\refcount.sty
Package: refcount 2019/12/15 v3.6 Data extraction from label references (HO)
)
(C:\Users\jamil\AppData\Roaming\MiKTeX\tex/generic/gettitlestring\gettitlestrin
g.sty
Package: gettitlestring 2019/12/15 v1.6 Cleanup title references (HO)
)
\c@section@level=\count365
)
LaTeX Info: Redefining \ref on input line 58.
LaTeX Info: Redefining \pageref on input line 58.
LaTeX Info: Redefining \nameref on input line 58.
 (TESIS_MCIC.out) (TESIS_MCIC.out)
\@outlinefile=\write5
\openout5 = `TESIS_MCIC.out'.

LaTeX Font Info:    Trying to load font information for U+msa on input line 61.


(C:\Program Files\MiKTeX\tex/latex/amsfonts\umsa.fd
File: umsa.fd 2013/01/14 v3.01 AMS symbols A
)
LaTeX Font Info:    Trying to load font information for U+msb on input line 61.


(C:\Program Files\MiKTeX\tex/latex/amsfonts\umsb.fd
File: umsb.fd 2013/01/14 v3.01 AMS symbols B
)
LaTeX Font Info:    Trying to load font information for U+rsfs on input line 61
.

(C:\Users\jamil\AppData\Roaming\MiKTeX\tex/latex/jknappen\ursfs.fd
File: ursfs.fd 1998/03/24 rsfs font definition file (jk)
) [1


{C:/Users/jamil/AppData/Local/MiKTeX/fonts/map/pdftex/pdftex.map}]
<IMAGENES/LogoUdistrital.pdf, id=361, 115.43124pt x 175.65625pt>
File: IMAGENES/LogoUdistrital.pdf Graphic file (type pdf)
<use IMAGENES/LogoUdistrital.pdf>
Package pdftex.def Info: IMAGENES/LogoUdistrital.pdf  used on input line 66.
(pdftex.def)             Requested size: 96.02902pt x 146.13235pt.

Overfull \vbox (30.08244pt too high) has occurred while \output is active []


[2 <./IMAGENES/LogoUdistrital.pdf>] (TESIS_MCIC.toc
LaTeX Info: Redefining \. on input line 1.
LaTeX Info: Redefining \% on input line 1.

Underfull \vbox (badness 3601) has occurred while \output is active []

 [3


]
LaTeX Info: Redefining \. on input line 53.
LaTeX Info: Redefining \% on input line 53.

[4]
LaTeX Info: Redefining \. on input line 79.
LaTeX Info: Redefining \% on input line 79.
 [5])
\tf@toc=\write6
\openout6 = `TESIS_MCIC.toc'.

LaTeX Info: Redefining \. on input line 83.
LaTeX Info: Redefining \% on input line 83.
 [6] (TESIS_MCIC.lof
LaTeX Info: Redefining \. on input line 1.
LaTeX Info: Redefining \% on input line 1.

Underfull \vbox (badness 6641) has occurred while \output is active []

 [7

])
\tf@lof=\write7
\openout7 = `TESIS_MCIC.lof'.

LaTeX Info: Redefining \. on input line 84.
LaTeX Info: Redefining \% on input line 84.

[8] (TESIS_MCIC.lot
LaTeX Info: Redefining \. on input line 1.
LaTeX Info: Redefining \% on input line 1.
)
\tf@lot=\write8
\openout8 = `TESIS_MCIC.lot'.

 [9

] [10

] (TESIS/INTRODUCCION.tex) (TESIS/ESTADO_ARTE.tex
[11] [12]
Cap\'{\i }tulo 1.
[13

]
Underfull \vbox (badness 10000) has occurred while \output is active []

LaTeX Info: Redefining \. on input line 16.
LaTeX Info: Redefining \% on input line 16.
 [14]
LaTeX Info: Redefining \. on input line 19.
LaTeX Info: Redefining \% on input line 19.

[15]
LaTeX Info: Redefining \. on input line 38.
LaTeX Info: Redefining \% on input line 38.
 [16]
LaTeX Info: Redefining \. on input line 55.
LaTeX Info: Redefining \% on input line 55.
 [17]
LaTeX Info: Redefining \. on input line 77.
LaTeX Info: Redefining \% on input line 77.
 [18]
LaTeX Info: Redefining \. on input line 99.
LaTeX Info: Redefining \% on input line 99.
 [19]
LaTeX Info: Redefining \. on input line 107.
LaTeX Info: Redefining \% on input line 107.
 [20]
LaTeX Info: Redefining \. on input line 125.
LaTeX Info: Redefining \% on input line 125.
 [21]
LaTeX Info: Redefining \. on input line 140.
LaTeX Info: Redefining \% on input line 140.
 [22]
LaTeX Info: Redefining \. on input line 150.
LaTeX Info: Redefining \% on input line 150.
 [23] (TESIS/METODOLOGIAS.tex
LaTeX Info: Redefining \. on input line 5.
LaTeX Info: Redefining \% on input line 5.
 [24]
LaTeX Info: Redefining \. on input line 11.
LaTeX Info: Redefining \% on input line 11.

[25]
LaTeX Info: Redefining \. on input line 15.
LaTeX Info: Redefining \% on input line 15.
 [26]
LaTeX Info: Redefining \. on input line 19.
LaTeX Info: Redefining \% on input line 19.
 [27]
LaTeX Info: Redefining \. on input line 23.
LaTeX Info: Redefining \% on input line 23.
 [28]
LaTeX Info: Redefining \. on input line 27.
LaTeX Info: Redefining \% on input line 27.
 [29]
LaTeX Info: Redefining \. on input line 29.
LaTeX Info: Redefining \% on input line 29.
 [30]
LaTeX Info: Redefining \. on input line 33.
LaTeX Info: Redefining \% on input line 33.
 [31]
LaTeX Info: Redefining \. on input line 39.
LaTeX Info: Redefining \% on input line 39.
 [32])
LaTeX Info: Redefining \. on input line 158.
LaTeX Info: Redefining \% on input line 158.
 [33] (TESIS/TECNICAS.tex
LaTeX Info: Redefining \. on input line 5.
LaTeX Info: Redefining \% on input line 5.
 [34]
LaTeX Info: Redefining \. on input line 7.
LaTeX Info: Redefining \% on input line 7.
 [35]
Underfull \vbox (badness 10000) has occurred while \output is active []

LaTeX Info: Redefining \. on input line 10.
LaTeX Info: Redefining \% on input line 10.
 [36]
LaTeX Info: Redefining \. on input line 14.
LaTeX Info: Redefining \% on input line 14.

[37]
LaTeX Info: Redefining \. on input line 14.
LaTeX Info: Redefining \% on input line 14.
 [38]
LaTeX Info: Redefining \. on input line 18.
LaTeX Info: Redefining \% on input line 18.
 [39]
LaTeX Info: Redefining \. on input line 18.
LaTeX Info: Redefining \% on input line 18.
 [40]
LaTeX Info: Redefining \. on input line 20.
LaTeX Info: Redefining \% on input line 20.
 [41])) (TESIS/DISEÑO_METODOLOGICO.tex
LaTeX Info: Redefining \. on input line 1.
LaTeX Info: Redefining \% on input line 1.
 [42]
LaTeX Info: Redefining \. on input line 1.
LaTeX Info: Redefining \% on input line 1.
 [43]
Cap\'{\i }tulo 2.

Underfull \vbox (badness 10000) has occurred while \output is active []

 [44

]
LaTeX Info: Redefining \. on input line 28.
LaTeX Info: Redefining \% on input line 28.

[45]
LaTeX Info: Redefining \. on input line 35.
LaTeX Info: Redefining \% on input line 35.
 [46]
LaTeX Info: Redefining \. on input line 41.
LaTeX Info: Redefining \% on input line 41.
 [47]
LaTeX Info: Redefining \. on input line 60.
LaTeX Info: Redefining \% on input line 60.
 [48]) (TESIS/PROPUESTA.tex
LaTeX Info: Redefining \. on input line 1.
LaTeX Info: Redefining \% on input line 1.
 [49]
Cap\'{\i }tulo 3.

Underfull \hbox (badness 10000) in paragraph at lines 38--39
[]\OT1/cmr/m/n/10 Libertad pa-ra re-sol-ver
 []


Underfull \hbox (badness 1418) in paragraph at lines 40--41
[]\OT1/cmr/m/n/10 Parar en cual-quier mo-
 []


Underfull \hbox (badness 6510) in paragraph at lines 41--42
[]\OT1/cmr/m/n/10 Intercambio de co-no-ci-
 []


Underfull \hbox (badness 10000) in paragraph at lines 51--52
[]|\OT1/cmr/m/n/10 Microsoft
 []


Underfull \hbox (badness 2096) in paragraph at lines 54--55
[]\OT1/cmr/m/n/10 Adquisici^^Son y com-pren-
 []


Underfull \hbox (badness 4832) in paragraph at lines 67--68
[]|\OT1/cmr/m/n/10 Domino DS
 []


Overfull \hbox (33.77357pt too wide) in paragraph at lines 9--83
[] 
 []


LaTeX Warning: Float too large for page by 153.99023pt on input line 83.


Underfull \hbox (badness 10000) in paragraph at lines 91--92
[]|\OT1/cmr/m/n/10 Agile De-li-
 []


Underfull \hbox (badness 1609) in paragraph at lines 91--92
\OT1/cmr/m/n/10 very Fra-me-
 []


Underfull \hbox (badness 10000) in paragraph at lines 107--108
[]|\OT1/cmr/m/n/10 Conceptual
 []


Underfull \hbox (badness 10000) in paragraph at lines 107--108
\OT1/cmr/m/n/10 mo-de-ling
 []


Underfull \hbox (badness 10000) in paragraph at lines 116--117
[]\OT1/cmr/m/n/10 Toma de de-ci-sio-nes
 []


Overfull \hbox (33.77357pt too wide) in paragraph at lines 88--142
[] 
 []


LaTeX Warning: Float too large for page by 79.40141pt on input line 142.


Underfull \hbox (badness 2351) in paragraph at lines 152--153
[]\OT1/cmr/m/n/10 Identificaci^^Son y mo-ti-va-
 []


Overfull \hbox (33.77357pt too wide) in paragraph at lines 147--197
[] 
 []


LaTeX Warning: Float too large for page by 43.40141pt on input line 197.


Underfull \hbox (badness 2689) in paragraph at lines 227--228
[]\OT1/cmr/m/n/10 En es-ta me-to-do-log^^S^^Pa las eta-pas
 []


Underfull \hbox (badness 10000) in paragraph at lines 240--241
[]\OT1/cmr/m/n/10 Evaluaci^^Son/In-ter-pre-ta-
 []


Overfull \hbox (33.77357pt too wide) in paragraph at lines 202--263
[] 
 []


LaTeX Warning: Float too large for page by 125.74585pt on input line 263.


Underfull \hbox (badness 10000) in paragraph at lines 271--272
[]|\OT1/cmr/m/n/10 Agile da-ta
 []


Underfull \hbox (badness 10000) in paragraph at lines 271--272
\OT1/cmr/m/n/10 scien-ce in
 []


Underfull \hbox (badness 2608) in paragraph at lines 273--274
[]\OT1/cmr/m/n/10 Definici^^Son de pre-gun-tas
 []


Underfull \hbox (badness 10000) in paragraph at lines 275--276
[]\OT1/cmr/m/n/10 Desarrollo del Mo-de-lo
 []


Underfull \hbox (badness 10000) in paragraph at lines 285--286
[]|\OT1/cmr/m/n/10 IBM Foun-
 []


Underfull \hbox (badness 10000) in paragraph at lines 285--286
\OT1/cmr/m/n/10 da-tio-nal
 []


Underfull \hbox (badness 10000) in paragraph at lines 285--286
\OT1/cmr/m/n/10 Metho-do-
 []


Underfull \hbox (badness 10000) in paragraph at lines 305--306
[]|\OT1/cmr/m/n/10 DataOps
 []


Overfull \hbox (33.77357pt too wide) in paragraph at lines 268--320
[] 
 []


Underfull \hbox (badness 10000) in paragraph at lines 334--335
[]
 []


Overfull \hbox (15.13895pt too wide) in paragraph at lines 334--335
\OT1/cmr/m/n/10 Despliegue/retroalimentaci^^Son 
 []


Underfull \hbox (badness 10000) in paragraph at lines 338--339
[]\OT1/cmr/m/n/10 Esta me-to-do-log^^S^^Pa ofre-ce una
 []


Underfull \hbox (badness 7362) in paragraph at lines 338--339
\OT1/cmr/m/n/10 heur^^S^^Psti-ca que per-mi-te que la
 []


Underfull \hbox (badness 1701) in paragraph at lines 338--339
\OT1/cmr/m/n/10 ar-qui-tec-tu-ra sea exhaus-ti-va pa-ra
 []


Overfull \hbox (33.77357pt too wide) in paragraph at lines 325--363
[] 
 []

[50

] [51]
LaTeX Info: Redefining \. on input line 365.
LaTeX Info: Redefining \% on input line 365.

Overfull \hbox (18.04866pt too wide) has occurred while \output is active
\OT1/cmr/m/n/12 52 \OT1/cmr/m/sl/12 CAP[]ITULO 3.  CONSIDERACIONES PARA EL DISE
[]NO DE LA METODOLOG[]IA
 []

[52] [53]
LaTeX Info: Redefining \. on input line 365.
LaTeX Info: Redefining \% on input line 365.

Overfull \hbox (18.04866pt too wide) has occurred while \output is active
\OT1/cmr/m/n/12 54 \OT1/cmr/m/sl/12 CAP[]ITULO 3.  CONSIDERACIONES PARA EL DISE
[]NO DE LA METODOLOG[]IA
 []

[54] [55]
LaTeX Info: Redefining \. on input line 365.
LaTeX Info: Redefining \% on input line 365.

Overfull \hbox (18.04866pt too wide) has occurred while \output is active
\OT1/cmr/m/n/12 56 \OT1/cmr/m/sl/12 CAP[]ITULO 3.  CONSIDERACIONES PARA EL DISE
[]NO DE LA METODOLOG[]IA
 []

[56] [57

])
LaTeX Info: Redefining \. on input line 91.
LaTeX Info: Redefining \% on input line 91.

Overfull \hbox (18.04866pt too wide) has occurred while \output is active
\OT1/cmr/m/n/12 58 \OT1/cmr/m/sl/12 CAP[]ITULO 3.  CONSIDERACIONES PARA EL DISE
[]NO DE LA METODOLOG[]IA
 []

[58] [59


] (TESIS/DESARROLLO.tex
Cap\'{\i }tulo 4.
<IMAGENES/DSM-BCD.pdf, id=1305, 820.06375pt x 508.90125pt>
File: IMAGENES/DSM-BCD.pdf Graphic file (type pdf)
<use IMAGENES/DSM-BCD.pdf>
Package pdftex.def Info: IMAGENES/DSM-BCD.pdf  used on input line 8.
(pdftex.def)             Requested size: 405.45047pt x 251.61569pt.
[60

]
<IMAGENES/BCQM.pdf, id=1312, 421.575pt x 486.81876pt>
File: IMAGENES/BCQM.pdf Graphic file (type pdf)
<use IMAGENES/BCQM.pdf>
Package pdftex.def Info: IMAGENES/BCQM.pdf  used on input line 22.
(pdftex.def)             Requested size: 256.07741pt x 295.71106pt.
LaTeX Info: Redefining \. on input line 28.
LaTeX Info: Redefining \% on input line 28.

Overfull \hbox (9.2446pt too wide) has occurred while \output is active
\OT1/cmr/m/sl/12 4.1.  FASE 1: MAPA DE PREGUNTAS SOBRE EL C[]ANCER DE MAMA (BCQ
M) \OT1/cmr/m/n/12 61
 []

[61 <./IMAGENES/DSM-BCD.pdf>]
LaTeX Info: Redefining \. on input line 31.
LaTeX Info: Redefining \% on input line 31.
 [62 <./IMAGENES/BCQM.pdf>]
LaTeX Info: Redefining \. on input line 41.
LaTeX Info: Redefining \% on input line 41.
 [63]
LaTeX Info: Redefining \. on input line 47.
LaTeX Info: Redefining \% on input line 47.
 [64]
LaTeX Info: Redefining \. on input line 50.
LaTeX Info: Redefining \% on input line 50.
 [65]
Overfull \hbox (3.02094pt too wide) in paragraph at lines 51--51
[]\OT1/cmr/bx/n/17.28 Fase 9: Bit^^Saco-ra pa-ra el diag-nos-ti-co del c^^Sance
r
 []

)
LaTeX Info: Redefining \. on input line 98.
LaTeX Info: Redefining \% on input line 98.
 [66] [67

]
\openout2 = `ARQUITECTURA/organizacion.aux'.

 (ARQUITECTURA/organizacion.tex
Cap\'{\i }tulo 5.
[68


]
LaTeX Info: Redefining \. on input line 28.
LaTeX Info: Redefining \% on input line 28.
 [69]
<ARQUITECTURA/imgs/organizacion.pdf, id=1356, 660.4675pt x 468.75125pt>
File: ARQUITECTURA/imgs/organizacion.pdf Graphic file (type pdf)
<use ARQUITECTURA/imgs/organizacion.pdf>
Package pdftex.def Info: ARQUITECTURA/imgs/organizacion.pdf  used on input line
 35.
(pdftex.def)             Requested size: 426.79135pt x 302.91801pt.
LaTeX Info: Redefining \. on input line 40.
LaTeX Info: Redefining \% on input line 40.
 [70 <./ARQUITECTURA/imgs/organizacion.pdf>])
LaTeX Info: Redefining \. on input line 99.
LaTeX Info: Redefining \% on input line 99.
 [71]
\openout2 = `ARQUITECTURA/motivacion.aux'.


(ARQUITECTURA/motivacion.tex
Cap\'{\i }tulo 6.
[72




]
<ARQUITECTURA/imgs/CapaMotivacion/1_PvInteresados.pdf, id=1377, 399.4925pt x 24
2.9075pt>
File: ARQUITECTURA/imgs/CapaMotivacion/1_PvInteresados.pdf Graphic file (type p
df)
<use ARQUITECTURA/imgs/CapaMotivacion/1_PvInteresados.pdf>
Package pdftex.def Info: ARQUITECTURA/imgs/CapaMotivacion/1_PvInteresados.pdf  
used on input line 22.
(pdftex.def)             Requested size: 426.79135pt x 259.51926pt.
LaTeX Info: Redefining \. on input line 33.
LaTeX Info: Redefining \% on input line 33.
 [73 <./ARQUITECTURA/imgs/CapaMotivacion/1_PvInteresados.pdf>]
LaTeX Info: Redefining \. on input line 49.
LaTeX Info: Redefining \% on input line 49.
 [74]
<ARQUITECTURA/imgs/CapaMotivacion/2_PvRealizacionObj.pdf, id=1417, 552.0625pt x
 223.83624pt>
File: ARQUITECTURA/imgs/CapaMotivacion/2_PvRealizacionObj.pdf Graphic file (typ
e pdf)
<use ARQUITECTURA/imgs/CapaMotivacion/2_PvRealizacionObj.pdf>
Package pdftex.def Info: ARQUITECTURA/imgs/CapaMotivacion/2_PvRealizacionObj.pd
f  used on input line 57.
(pdftex.def)             Requested size: 426.79135pt x 173.0512pt.
LaTeX Info: Redefining \. on input line 69.
LaTeX Info: Redefining \% on input line 69.

[75 <./ARQUITECTURA/imgs/CapaMotivacion/2_PvRealizacionObj.pdf>]
LaTeX Info: Redefining \. on input line 78.
LaTeX Info: Redefining \% on input line 78.
 [76]
<ARQUITECTURA/imgs/CapaMotivacion/3_PvContribucionObj.pdf, id=1456, 700.6175pt 
x 242.9075pt>
File: ARQUITECTURA/imgs/CapaMotivacion/3_PvContribucionObj.pdf Graphic file (ty
pe pdf)
<use ARQUITECTURA/imgs/CapaMotivacion/3_PvContribucionObj.pdf>
Package pdftex.def Info: ARQUITECTURA/imgs/CapaMotivacion/3_PvContribucionObj.p
df  used on input line 87.
(pdftex.def)             Requested size: 426.79135pt x 147.97319pt.
LaTeX Info: Redefining \. on input line 101.
LaTeX Info: Redefining \% on input line 101.
 [77 <./ARQUITECTURA/imgs/CapaMotivacion/3_PvContribucionObj.pdf>]
LaTeX Info: Redefining \. on input line 116.
LaTeX Info: Redefining \% on input line 116.
 [78]
<ARQUITECTURA/imgs/CapaMotivacion/4_PvPrincipios.pdf, id=1485, 386.44376pt x 14
1.52875pt>
File: ARQUITECTURA/imgs/CapaMotivacion/4_PvPrincipios.pdf Graphic file (type pd
f)
<use ARQUITECTURA/imgs/CapaMotivacion/4_PvPrincipios.pdf>
Package pdftex.def Info: ARQUITECTURA/imgs/CapaMotivacion/4_PvPrincipios.pdf  u
sed on input line 125.
(pdftex.def)             Requested size: 426.79135pt x 156.3062pt.
LaTeX Info: Redefining \. on input line 143.
LaTeX Info: Redefining \% on input line 143.
 [79 <./ARQUITECTURA/imgs/CapaMotivacion/4_PvPrincipios.pdf>]
<ARQUITECTURA/imgs/CapaMotivacion/5_PvRealizacionReq.pdf, id=1509, 837.1275pt x
 212.795pt>
File: ARQUITECTURA/imgs/CapaMotivacion/5_PvRealizacionReq.pdf Graphic file (typ
e pdf)
<use ARQUITECTURA/imgs/CapaMotivacion/5_PvRealizacionReq.pdf>
Package pdftex.def Info: ARQUITECTURA/imgs/CapaMotivacion/5_PvRealizacionReq.pd
f  used on input line 152.
(pdftex.def)             Requested size: 426.79135pt x 108.48828pt.
LaTeX Info: Redefining \. on input line 167.
LaTeX Info: Redefining \% on input line 167.
 [80 <./ARQUITECTURA/imgs/CapaMotivacion/5_PvRealizacionReq.pdf>]
LaTeX Info: Redefining \. on input line 184.
LaTeX Info: Redefining \% on input line 184.
 [81]
<ARQUITECTURA/imgs/CapaMotivacion/6_PvMotivacion.pdf, id=1539, 582.175pt x 204.
765pt>
File: ARQUITECTURA/imgs/CapaMotivacion/6_PvMotivacion.pdf Graphic file (type pd
f)
<use ARQUITECTURA/imgs/CapaMotivacion/6_PvMotivacion.pdf>
Package pdftex.def Info: ARQUITECTURA/imgs/CapaMotivacion/6_PvMotivacion.pdf  u
sed on input line 194.
(pdftex.def)             Requested size: 426.79135pt x 150.11458pt.
LaTeX Info: Redefining \. on input line 207.
LaTeX Info: Redefining \% on input line 207.
 [82 <./ARQUITECTURA/imgs/CapaMotivacion/6_PvMotivacion.pdf>])
LaTeX Info: Redefining \. on input line 100.
LaTeX Info: Redefining \% on input line 100.
 [83]
\openout2 = `ARQUITECTURA/estrategica.aux'.

 (ARQUITECTURA/estrategica.tex
Cap\'{\i }tulo 7.
[84




]
<ARQUITECTURA/imgs/CapaEstrategica/1_PvEstrategia.pdf, id=1590, 226.8475pt x 23
3.87375pt>
File: ARQUITECTURA/imgs/CapaEstrategica/1_PvEstrategia.pdf Graphic file (type p
df)
<use ARQUITECTURA/imgs/CapaEstrategica/1_PvEstrategia.pdf>
Package pdftex.def Info: ARQUITECTURA/imgs/CapaEstrategica/1_PvEstrategia.pdf  
used on input line 20.
(pdftex.def)             Requested size: 320.0935pt x 330.0118pt.
LaTeX Info: Redefining \. on input line 30.
LaTeX Info: Redefining \% on input line 30.
 [85 <./ARQUITECTURA/imgs/CapaEstrategica/1_PvEstrategia.pdf>]
LaTeX Info: Redefining \. on input line 42.
LaTeX Info: Redefining \% on input line 42.
 [86]
<ARQUITECTURA/imgs/CapaEstrategica/2_PvMapaCapacidad.pdf, id=1634, 226.8475pt x
 170.6375pt>
File: ARQUITECTURA/imgs/CapaEstrategica/2_PvMapaCapacidad.pdf Graphic file (typ
e pdf)
<use ARQUITECTURA/imgs/CapaEstrategica/2_PvMapaCapacidad.pdf>
Package pdftex.def Info: ARQUITECTURA/imgs/CapaEstrategica/2_PvMapaCapacidad.pd
f  used on input line 51.
(pdftex.def)             Requested size: 320.0935pt x 240.78114pt.
LaTeX Info: Redefining \. on input line 60.
LaTeX Info: Redefining \% on input line 60.

[87 <./ARQUITECTURA/imgs/CapaEstrategica/2_PvMapaCapacidad.pdf>]
LaTeX Info: Redefining \. on input line 72.
LaTeX Info: Redefining \% on input line 72.
 [88]
<ARQUITECTURA/imgs/CapaEstrategica/3_PvRealizacion.pdf, id=1669, 438.63875pt x 
195.73125pt>
File: ARQUITECTURA/imgs/CapaEstrategica/3_PvRealizacion.pdf Graphic file (type 
pdf)
<use ARQUITECTURA/imgs/CapaEstrategica/3_PvRealizacion.pdf>
Package pdftex.def Info: ARQUITECTURA/imgs/CapaEstrategica/3_PvRealizacion.pdf 
 used on input line 81.
(pdftex.def)             Requested size: 426.79135pt x 190.44743pt.
LaTeX Info: Redefining \. on input line 93.
LaTeX Info: Redefining \% on input line 93.
 [89 <./ARQUITECTURA/imgs/CapaEstrategica/3_PvRealizacion.pdf>]
LaTeX Info: Redefining \. on input line 108.
LaTeX Info: Redefining \% on input line 108.
 [90]
<ARQUITECTURA/imgs/CapaEstrategica/4_PvMapaRecurso.pdf, id=1706, 233.87375pt x 
172.645pt>
File: ARQUITECTURA/imgs/CapaEstrategica/4_PvMapaRecurso.pdf Graphic file (type 
pdf)
<use ARQUITECTURA/imgs/CapaEstrategica/4_PvMapaRecurso.pdf>
Package pdftex.def Info: ARQUITECTURA/imgs/CapaEstrategica/4_PvMapaRecurso.pdf 
 used on input line 117.
(pdftex.def)             Requested size: 328.63115pt x 242.62335pt.
LaTeX Info: Redefining \. on input line 130.
LaTeX Info: Redefining \% on input line 130.
 [91 <./ARQUITECTURA/imgs/CapaEstrategica/4_PvMapaRecurso.pdf>])
LaTeX Info: Redefining \. on input line 101.
LaTeX Info: Redefining \% on input line 101.
 [92]
\openout2 = `ARQUITECTURA/negocio.aux'.

 (ARQUITECTURA/negocio.tex
Cap\'{\i }tulo 8.
[93




]
<ARQUITECTURA/imgs/CapaNegocio/1_PvOrganizacion.pdf, id=1741, 297.11pt x 134.50
25pt>
File: ARQUITECTURA/imgs/CapaNegocio/1_PvOrganizacion.pdf Graphic file (type pdf
)
<use ARQUITECTURA/imgs/CapaNegocio/1_PvOrganizacion.pdf>
Package pdftex.def Info: ARQUITECTURA/imgs/CapaNegocio/1_PvOrganizacion.pdf  us
ed on input line 19.
(pdftex.def)             Requested size: 426.79135pt x 193.21959pt.
LaTeX Info: Redefining \. on input line 29.
LaTeX Info: Redefining \% on input line 29.
 [94 <./ARQUITECTURA/imgs/CapaNegocio/1_PvOrganizacion.pdf>]
LaTeX Info: Redefining \. on input line 44.
LaTeX Info: Redefining \% on input line 44.
 [95]
<ARQUITECTURA/imgs/CapaNegocio/2_PvCooperacionActor.pdf, id=1755, 411.5375pt x 
277.035pt>
File: ARQUITECTURA/imgs/CapaNegocio/2_PvCooperacionActor.pdf Graphic file (type
 pdf)
<use ARQUITECTURA/imgs/CapaNegocio/2_PvCooperacionActor.pdf>
Package pdftex.def Info: ARQUITECTURA/imgs/CapaNegocio/2_PvCooperacionActor.pdf
  used on input line 52.
(pdftex.def)             Requested size: 426.79135pt x 287.30643pt.
LaTeX Info: Redefining \. on input line 60.
LaTeX Info: Redefining \% on input line 60.
 [96 <./ARQUITECTURA/imgs/CapaNegocio/2_PvCooperacionActor.pdf>]
LaTeX Info: Redefining \. on input line 70.
LaTeX Info: Redefining \% on input line 70.
 [97]
<ARQUITECTURA/imgs/CapaNegocio/3_PvFuncion.pdf, id=1770, 518.93875pt x 205.7687
5pt>
File: ARQUITECTURA/imgs/CapaNegocio/3_PvFuncion.pdf Graphic file (type pdf)
<use ARQUITECTURA/imgs/CapaNegocio/3_PvFuncion.pdf>
Package pdftex.def Info: ARQUITECTURA/imgs/CapaNegocio/3_PvFuncion.pdf  used on
 input line 82.
(pdftex.def)             Requested size: 426.79135pt x 169.2401pt.
LaTeX Info: Redefining \. on input line 89.
LaTeX Info: Redefining \% on input line 89.
 [98 <./ARQUITECTURA/imgs/CapaNegocio/3_PvFuncion.pdf>]
LaTeX Info: Redefining \. on input line 106.
LaTeX Info: Redefining \% on input line 106.
 [99]
<ARQUITECTURA/imgs/CapaNegocio/4_PvProceso.pdf, id=1784, 498.86375pt x 215.8062
4pt>
File: ARQUITECTURA/imgs/CapaNegocio/4_PvProceso.pdf Graphic file (type pdf)
<use ARQUITECTURA/imgs/CapaNegocio/4_PvProceso.pdf>
Package pdftex.def Info: ARQUITECTURA/imgs/CapaNegocio/4_PvProceso.pdf  used on
 input line 116.
(pdftex.def)             Requested size: 426.79135pt x 184.6348pt.
LaTeX Info: Redefining \. on input line 123.
LaTeX Info: Redefining \% on input line 123.
 [100 <./ARQUITECTURA/imgs/CapaNegocio/4_PvProceso.pdf>]
LaTeX Info: Redefining \. on input line 135.
LaTeX Info: Redefining \% on input line 135.
 [101]
LaTeX Info: Redefining \. on input line 140.
LaTeX Info: Redefining \% on input line 140.
 [102]
<ARQUITECTURA/imgs/CapaNegocio/5_PvCooperacionProceso.pdf, id=1809, 237.88875pt
 x 152.57pt>
File: ARQUITECTURA/imgs/CapaNegocio/5_PvCooperacionProceso.pdf Graphic file (ty
pe pdf)
<use ARQUITECTURA/imgs/CapaNegocio/5_PvCooperacionProceso.pdf>
Package pdftex.def Info: ARQUITECTURA/imgs/CapaNegocio/5_PvCooperacionProceso.p
df  used on input line 150.
(pdftex.def)             Requested size: 320.0935pt x 205.30177pt.
LaTeX Info: Redefining \. on input line 159.
LaTeX Info: Redefining \% on input line 159.
 [103 <./ARQUITECTURA/imgs/CapaNegocio/5_PvCooperacionProceso.pdf>]
LaTeX Info: Redefining \. on input line 167.
LaTeX Info: Redefining \% on input line 167.
 [104]
<ARQUITECTURA/imgs/CapaNegocio/6_PvProducto.pdf, id=1834, 631.35875pt x 414.548
75pt>
File: ARQUITECTURA/imgs/CapaNegocio/6_PvProducto.pdf Graphic file (type pdf)
<use ARQUITECTURA/imgs/CapaNegocio/6_PvProducto.pdf>
Package pdftex.def Info: ARQUITECTURA/imgs/CapaNegocio/6_PvProducto.pdf  used o
n input line 177.
(pdftex.def)             Requested size: 426.79135pt x 280.23213pt.
LaTeX Info: Redefining \. on input line 188.
LaTeX Info: Redefining \% on input line 188.
 [105 <./ARQUITECTURA/imgs/CapaNegocio/6_PvProducto.pdf>]
Overfull \hbox (10.82571pt too wide) in paragraph at lines 193--194
[]\OT1/cmr/bx/it/12 Implementar Mi-ner^^S^^Pa de Da-tos: \OT1/cmr/m/n/12 Es-te 
ser-vi-cio co-rres-pon-de a la b^^Susque-
 []

LaTeX Info: Redefining \. on input line 206.
LaTeX Info: Redefining \% on input line 206.
[106])
LaTeX Info: Redefining \. on input line 102.
LaTeX Info: Redefining \% on input line 102.
 [107]
\openout2 = `ARQUITECTURA/aplicacion.aux'.

 (ARQUITECTURA/aplicacion.tex
Cap\'{\i }tulo 9.
[108




]
<ARQUITECTURA/imgs/CapaAplicacion/1_PvComportamientoApp.pdf, id=1862, 456.70625
pt x 354.32375pt>
File: ARQUITECTURA/imgs/CapaAplicacion/1_PvComportamientoApp.pdf Graphic file (
type pdf)
<use ARQUITECTURA/imgs/CapaAplicacion/1_PvComportamientoApp.pdf>
Package pdftex.def Info: ARQUITECTURA/imgs/CapaAplicacion/1_PvComportamientoApp
.pdf  used on input line 22.
(pdftex.def)             Requested size: 426.79135pt x 331.12341pt.
LaTeX Info: Redefining \. on input line 32.
LaTeX Info: Redefining \% on input line 32.
 [109 <./ARQUITECTURA/imgs/CapaAplicacion/1_PvComportamientoApp.pdf>]
LaTeX Info: Redefining \. on input line 52.
LaTeX Info: Redefining \% on input line 52.

[110]
LaTeX Info: Redefining \. on input line 77.
LaTeX Info: Redefining \% on input line 77.
 [111]
<ARQUITECTURA/imgs/CapaAplicacion/2_PvCooperacionApp.pdf, id=1886, 363.3575pt x
 288.07625pt>
File: ARQUITECTURA/imgs/CapaAplicacion/2_PvCooperacionApp.pdf Graphic file (typ
e pdf)
<use ARQUITECTURA/imgs/CapaAplicacion/2_PvCooperacionApp.pdf>
Package pdftex.def Info: ARQUITECTURA/imgs/CapaAplicacion/2_PvCooperacionApp.pd
f  used on input line 85.
(pdftex.def)             Requested size: 426.79135pt x 338.37534pt.
LaTeX Info: Redefining \. on input line 94.
LaTeX Info: Redefining \% on input line 94.
 [112 <./ARQUITECTURA/imgs/CapaAplicacion/2_PvCooperacionApp.pdf>]
LaTeX Info: Redefining \. on input line 109.
LaTeX Info: Redefining \% on input line 109.

[113]
<ARQUITECTURA/imgs/CapaAplicacion/3_PvEstructuraApp.pdf, id=1905, 376.40625pt x
 200.75pt>
File: ARQUITECTURA/imgs/CapaAplicacion/3_PvEstructuraApp.pdf Graphic file (type
 pdf)
<use ARQUITECTURA/imgs/CapaAplicacion/3_PvEstructuraApp.pdf>
Package pdftex.def Info: ARQUITECTURA/imgs/CapaAplicacion/3_PvEstructuraApp.pdf
  used on input line 117.
(pdftex.def)             Requested size: 426.79135pt x 227.63821pt.
LaTeX Info: Redefining \. on input line 128.
LaTeX Info: Redefining \% on input line 128.
 [114 <./ARQUITECTURA/imgs/CapaAplicacion/3_PvEstructuraApp.pdf>]
LaTeX Info: Redefining \. on input line 140.
LaTeX Info: Redefining \% on input line 140.
 [115]
<ARQUITECTURA/imgs/CapaAplicacion/4_PvUsoApp.pdf, id=1925, 703.62875pt x 205.76
875pt>
File: ARQUITECTURA/imgs/CapaAplicacion/4_PvUsoApp.pdf Graphic file (type pdf)
<use ARQUITECTURA/imgs/CapaAplicacion/4_PvUsoApp.pdf>
Package pdftex.def Info: ARQUITECTURA/imgs/CapaAplicacion/4_PvUsoApp.pdf  used 
on input line 148.
(pdftex.def)             Requested size: 426.79135pt x 124.80916pt.
LaTeX Info: Redefining \. on input line 167.
LaTeX Info: Redefining \% on input line 167.

[116 <./ARQUITECTURA/imgs/CapaAplicacion/4_PvUsoApp.pdf>])
LaTeX Info: Redefining \. on input line 103.
LaTeX Info: Redefining \% on input line 103.
 [117]
\openout2 = `ARQUITECTURA/tecnologia.aux'.


(ARQUITECTURA/tecnologia.tex
Cap\'{\i }tulo 10.
[118




]
<ARQUITECTURA/imgs/CapaTecnologia/1_PvInfraestructuraTec.pdf, id=1949, 505.89pt
 x 233.87375pt>
File: ARQUITECTURA/imgs/CapaTecnologia/1_PvInfraestructuraTec.pdf Graphic file 
(type pdf)
<use ARQUITECTURA/imgs/CapaTecnologia/1_PvInfraestructuraTec.pdf>
Package pdftex.def Info: ARQUITECTURA/imgs/CapaTecnologia/1_PvInfraestructuraTe
c.pdf  used on input line 20.
(pdftex.def)             Requested size: 426.79135pt x 197.30905pt.
LaTeX Info: Redefining \. on input line 37.
LaTeX Info: Redefining \% on input line 37.
 [119 <./ARQUITECTURA/imgs/CapaTecnologia/1_PvInfraestructuraTec.pdf>]
LaTeX Info: Redefining \. on input line 61.
LaTeX Info: Redefining \% on input line 61.

[120]
<ARQUITECTURA/imgs/CapaTecnologia/2_PvUsoInfraestructuraTec.pdf, id=1973, 335.2
525pt x 254.9525pt>
File: ARQUITECTURA/imgs/CapaTecnologia/2_PvUsoInfraestructuraTec.pdf Graphic fi
le (type pdf)
<use ARQUITECTURA/imgs/CapaTecnologia/2_PvUsoInfraestructuraTec.pdf>
Package pdftex.def Info: ARQUITECTURA/imgs/CapaTecnologia/2_PvUsoInfraestructur
aTec.pdf  used on input line 70.
(pdftex.def)             Requested size: 426.79135pt x 324.5641pt.
LaTeX Info: Redefining \. on input line 82.
LaTeX Info: Redefining \% on input line 82.
 [121 <./ARQUITECTURA/imgs/CapaTecnologia/2_PvUsoInfraestructuraTec.pdf>]
LaTeX Info: Redefining \. on input line 99.
LaTeX Info: Redefining \% on input line 99.

[122]
<ARQUITECTURA/imgs/CapaTecnologia/3_PvImplementacionOrganizacionTec.pdf, id=198
8, 289.08pt x 356.33125pt>
File: ARQUITECTURA/imgs/CapaTecnologia/3_PvImplementacionOrganizacionTec.pdf Gr
aphic file (type pdf)
<use ARQUITECTURA/imgs/CapaTecnologia/3_PvImplementacionOrganizacionTec.pdf>
Package pdftex.def Info: ARQUITECTURA/imgs/CapaTecnologia/3_PvImplementacionOrg
anizacionTec.pdf  used on input line 107.
(pdftex.def)             Requested size: 277.41176pt x 341.96536pt.
LaTeX Info: Redefining \. on input line 118.
LaTeX Info: Redefining \% on input line 118.
 [123 <./ARQUITECTURA/imgs/CapaTecnologia/3_PvImplementacionOrganizacionTec.pdf
>]
LaTeX Info: Redefining \. on input line 145.
LaTeX Info: Redefining \% on input line 145.
 [124]
<ARQUITECTURA/imgs/CapaTecnologia/4_PvEstructuraInformacionTec.pdf, id=2004, 45
6.70625pt x 281.05pt>
File: ARQUITECTURA/imgs/CapaTecnologia/4_PvEstructuraInformacionTec.pdf Graphic
 file (type pdf)
<use ARQUITECTURA/imgs/CapaTecnologia/4_PvEstructuraInformacionTec.pdf>
Package pdftex.def Info: ARQUITECTURA/imgs/CapaTecnologia/4_PvEstructuraInforma
cionTec.pdf  used on input line 153.
(pdftex.def)             Requested size: 426.79135pt x 262.64746pt.
LaTeX Info: Redefining \. on input line 167.
LaTeX Info: Redefining \% on input line 167.
 [125 <./ARQUITECTURA/imgs/CapaTecnologia/4_PvEstructuraInformacionTec.pdf>]
LaTeX Info: Redefining \. on input line 174.
LaTeX Info: Redefining \% on input line 174.
 [126]
<ARQUITECTURA/imgs/CapaTecnologia/5_PvRealizacionServicioTec.pdf, id=2022, 363.
3575pt x 262.9825pt>
File: ARQUITECTURA/imgs/CapaTecnologia/5_PvRealizacionServicioTec.pdf Graphic f
ile (type pdf)
<use ARQUITECTURA/imgs/CapaTecnologia/5_PvRealizacionServicioTec.pdf>
Package pdftex.def Info: ARQUITECTURA/imgs/CapaTecnologia/5_PvRealizacionServic
ioTec.pdf  used on input line 182.
(pdftex.def)             Requested size: 426.79135pt x 308.90013pt.
LaTeX Info: Redefining \. on input line 193.
LaTeX Info: Redefining \% on input line 193.
 [127 <./ARQUITECTURA/imgs/CapaTecnologia/5_PvRealizacionServicioTec.pdf>]
LaTeX Info: Redefining \. on input line 207.
LaTeX Info: Redefining \% on input line 207.
 [128]
<ARQUITECTURA/imgs/CapaTecnologia/6_PvCapasTec.pdf, id=2040, 471.7625pt x 538.0
1pt>
File: ARQUITECTURA/imgs/CapaTecnologia/6_PvCapasTec.pdf Graphic file (type pdf)

<use ARQUITECTURA/imgs/CapaTecnologia/6_PvCapasTec.pdf>
Package pdftex.def Info: ARQUITECTURA/imgs/CapaTecnologia/6_PvCapasTec.pdf  use
d on input line 215.
(pdftex.def)             Requested size: 341.43437pt x 389.3864pt.
LaTeX Info: Redefining \. on input line 225.
LaTeX Info: Redefining \% on input line 225.
 [129 <./ARQUITECTURA/imgs/CapaTecnologia/6_PvCapasTec.pdf>]
LaTeX Info: Redefining \. on input line 252.
LaTeX Info: Redefining \% on input line 252.

[130])
LaTeX Info: Redefining \. on input line 104.
LaTeX Info: Redefining \% on input line 104.
 [131]
\openout2 = `ARQUITECTURA/implementacion.aux'.

 (ARQUITECTURA/implementacion.tex
Cap\'{\i }tulo 11.
[132




]
<ARQUITECTURA/imgs/CapaImplementacion/1_PvProyecto.pdf, id=2073, 506.89375pt x 
303.1325pt>
File: ARQUITECTURA/imgs/CapaImplementacion/1_PvProyecto.pdf Graphic file (type 
pdf)
<use ARQUITECTURA/imgs/CapaImplementacion/1_PvProyecto.pdf>
Package pdftex.def Info: ARQUITECTURA/imgs/CapaImplementacion/1_PvProyecto.pdf 
 used on input line 21.
(pdftex.def)             Requested size: 426.79135pt x 255.23549pt.
LaTeX Info: Redefining \. on input line 29.
LaTeX Info: Redefining \% on input line 29.
 [133 <./ARQUITECTURA/imgs/CapaImplementacion/1_PvProyecto.pdf>]
LaTeX Info: Redefining \. on input line 53.
LaTeX Info: Redefining \% on input line 53.
 [134]
LaTeX Info: Redefining \. on input line 61.
LaTeX Info: Redefining \% on input line 61.

[135]
<ARQUITECTURA/imgs/CapaImplementacion/2_PvMigracion.pdf, id=2103, 215.80624pt x
 96.36pt>
File: ARQUITECTURA/imgs/CapaImplementacion/2_PvMigracion.pdf Graphic file (type
 pdf)
<use ARQUITECTURA/imgs/CapaImplementacion/2_PvMigracion.pdf>
Package pdftex.def Info: ARQUITECTURA/imgs/CapaImplementacion/2_PvMigracion.pdf
  used on input line 69.
(pdftex.def)             Requested size: 320.0935pt x 142.94135pt.
LaTeX Info: Redefining \. on input line 85.
LaTeX Info: Redefining \% on input line 85.
 [136 <./ARQUITECTURA/imgs/CapaImplementacion/2_PvMigracion.pdf>]
<ARQUITECTURA/imgs/CapaImplementacion/3_PvMigracionImplementacion.pdf, id=2122,
 489.83pt x 407.5225pt>
File: ARQUITECTURA/imgs/CapaImplementacion/3_PvMigracionImplementacion.pdf Grap
hic file (type pdf)
<use ARQUITECTURA/imgs/CapaImplementacion/3_PvMigracionImplementacion.pdf>
Package pdftex.def Info: ARQUITECTURA/imgs/CapaImplementacion/3_PvMigracionImpl
ementacion.pdf  used on input line 93.
(pdftex.def)             Requested size: 392.64725pt x 326.67757pt.
LaTeX Info: Redefining \. on input line 103.
LaTeX Info: Redefining \% on input line 103.
 [137 <./ARQUITECTURA/imgs/CapaImplementacion/3_PvMigracionImplementacion.pdf>]
LaTeX Info: Redefining \. on input line 124.
LaTeX Info: Redefining \% on input line 124.
 [138])
LaTeX Info: Redefining \. on input line 105.
LaTeX Info: Redefining \% on input line 105.

[139] [140



] (TESIS/ANALISIS.tex
Cap\'{\i }tulo 12.
) (TESIS/RESULTADOS.tex [141

]
Cap\'{\i }tulo 13.
) (TESIS_MCIC.bbl [142

] [143

]
LaTeX Info: Redefining \. on input line 124.
LaTeX Info: Redefining \% on input line 124.
 [144]
LaTeX Info: Redefining \. on input line 202.
LaTeX Info: Redefining \% on input line 202.
 [145]
LaTeX Info: Redefining \. on input line 270.
LaTeX Info: Redefining \% on input line 270.
 [146]
LaTeX Info: Redefining \. on input line 343.
LaTeX Info: Redefining \% on input line 343.
 [147]
LaTeX Info: Redefining \. on input line 401.
LaTeX Info: Redefining \% on input line 401.
 [148])
LaTeX Info: Redefining \. on input line 121.
LaTeX Info: Redefining \% on input line 121.
 [149]
(TESIS_MCIC.aux
LaTeX Info: Redefining \. on input line 26.
LaTeX Info: Redefining \% on input line 26.
 (ARQUITECTURA/organizacion.aux) (ARQUITECTURA/motivacion.aux)
(ARQUITECTURA/estrategica.aux) (ARQUITECTURA/negocio.aux)
(ARQUITECTURA/aplicacion.aux) (ARQUITECTURA/tecnologia.aux)
(ARQUITECTURA/implementacion.aux))
Package rerunfilecheck Info: File `TESIS_MCIC.out' has not changed.
(rerunfilecheck)             Checksum: E189D89ACD0052C0D20C61F9A3F7726B;18324.
 ) 
Here is how much of TeX's memory you used:
 28256 strings out of 478552
 525120 string characters out of 2851753
 848171 words of memory out of 3000000
 45131 multiletter control sequences out of 15000+600000
 481951 words of font info for 79 fonts, out of 8000000 for 9000
 1141 hyphenation exceptions out of 8191
 95i,14n,92p,4202b,758s stack positions out of 10000i,1000n,20000p,200000b,80000s
<C:/Program Files/MiKTeX/fonts/type1/public/amsfonts/cm/cmbx12.pfb><C:/Progra
m Files/MiKTeX/fonts/type1/public/amsfonts/cm/cmbxti10.pfb><C:/Program Files/Mi
KTeX/fonts/type1/public/amsfonts/cm/cmmi12.pfb><C:/Program Files/MiKTeX/fonts/t
ype1/public/amsfonts/cm/cmr10.pfb><C:/Program Files/MiKTeX/fonts/type1/public/a
msfonts/cm/cmr12.pfb><C:/Program Files/MiKTeX/fonts/type1/public/amsfonts/cm/cm
r17.pfb><C:/Program Files/MiKTeX/fonts/type1/public/amsfonts/cm/cmr7.pfb><C:/Pr
ogram Files/MiKTeX/fonts/type1/public/amsfonts/cm/cmr8.pfb><C:/Program Files/Mi
KTeX/fonts/type1/public/amsfonts/cm/cmsl12.pfb><C:/Program Files/MiKTeX/fonts/t
ype1/public/amsfonts/cm/cmsy10.pfb><C:/Program Files/MiKTeX/fonts/type1/public/
amsfonts/cm/cmti12.pfb>
Output written on TESIS_MCIC.pdf (149 pages, 5039162 bytes).
PDF statistics:
 2400 PDF objects out of 2487 (max. 8388607)
 722 named destinations out of 1000 (max. 500000)
 874 words of extra memory for PDF output out of 10000 (max. 10000000)

