\BOOKMARK [-1][-]{part.1}{\376\377\000I\000\040\000T\000E\000S\000I\000S\000\040\000D\000E\000\040\000I\000N\000V\000E\000S\000T\000I\000G\000A\000C\000I\000\323\000N}{}% 1
\BOOKMARK [0][-]{chapter.1}{\376\377\000E\000s\000t\000a\000d\000o\000\040\000d\000e\000l\000\040\000a\000r\000t\000e\000\040\000y\000\040\000M\000a\000r\000c\000o\000\040\000T\000e\000\363\000r\000i\000c\000o}{part.1}% 2
\BOOKMARK [1][-]{section.1.1}{\376\377\000M\000a\000r\000c\000o\000\040\000t\000e\000\363\000r\000i\000c\000o}{chapter.1}% 3
\BOOKMARK [2][-]{subsection.1.1.1}{\376\377\000D\000e\000t\000e\000c\000c\000i\000\363\000n\000\040\000y\000\040\000d\000i\000a\000g\000n\000\363\000s\000t\000i\000c\000o\000\040\000d\000e\000l\000\040\000c\000\341\000n\000c\000e\000r\000\040\000d\000e\000\040\000m\000a\000m\000a}{section.1.1}% 4
\BOOKMARK [2][-]{subsection.1.1.2}{\376\377\000C\000i\000e\000n\000c\000i\000a\000\040\000d\000e\000\040\000D\000a\000t\000o\000s}{section.1.1}% 5
\BOOKMARK [2][-]{subsection.1.1.3}{\376\377\000M\000a\000c\000h\000i\000n\000e\000\040\000L\000e\000a\000r\000n\000i\000n\000g\000\050\000M\000L\000\051}{section.1.1}% 6
\BOOKMARK [2][-]{subsection.1.1.4}{\376\377\000D\000e\000e\000p\000\040\000L\000e\000a\000r\000n\000i\000n\000g\000\050\000D\000L\000\051}{section.1.1}% 7
\BOOKMARK [2][-]{subsection.1.1.5}{\376\377\000P\000r\000u\000e\000b\000a\000\040\000d\000e\000\040\000H\000i\000p\000\363\000t\000e\000s\000i\000s}{section.1.1}% 8
\BOOKMARK [1][-]{section.1.2}{\376\377\000M\000a\000r\000c\000o\000\040\000d\000e\000\040\000r\000e\000f\000e\000r\000e\000n\000c\000i\000a}{chapter.1}% 9
\BOOKMARK [2][-]{subsection.1.2.1}{\376\377\000M\000e\000t\000o\000d\000o\000l\000o\000g\000\355\000a\000s\000\040\000e\000n\000\040\000c\000i\000e\000n\000c\000i\000a\000\040\000d\000e\000\040\000d\000a\000t\000o\000s}{section.1.2}% 10
\BOOKMARK [2][-]{subsection.1.2.2}{\376\377\000T\000\351\000c\000n\000i\000c\000a\000s\000\040\000d\000e\000l\000\040\000M\000L\000\040\000y\000\040\000D\000L}{section.1.2}% 11
\BOOKMARK [0][-]{chapter.2}{\376\377\000E\000l\000e\000m\000e\000n\000t\000o\000s\000\040\000p\000r\000i\000n\000c\000i\000p\000a\000l\000e\000s\000\040\000d\000e\000\040\000l\000a\000\040\000i\000n\000v\000e\000s\000t\000i\000g\000a\000c\000i\000\363\000n}{part.1}% 12
\BOOKMARK [1][-]{section.2.1}{\376\377\000I\000d\000e\000n\000t\000i\000f\000i\000c\000a\000c\000i\000\363\000n\000\040\000d\000e\000l\000\040\000P\000r\000o\000b\000l\000e\000m\000a}{chapter.2}% 13
\BOOKMARK [2][-]{subsection.2.1.1}{\376\377\000P\000l\000a\000n\000t\000e\000a\000m\000i\000e\000n\000t\000o\000\040\000d\000e\000l\000\040\000P\000r\000o\000b\000l\000e\000m\000a}{section.2.1}% 14
\BOOKMARK [2][-]{subsection.2.1.2}{\376\377\000F\000o\000r\000m\000u\000l\000a\000c\000i\000\363\000n\000\040\000d\000e\000l\000\040\000P\000r\000o\000b\000l\000e\000m\000a}{section.2.1}% 15
\BOOKMARK [1][-]{section.2.2}{\376\377\000O\000b\000j\000e\000t\000i\000v\000o\000s}{chapter.2}% 16
\BOOKMARK [2][-]{subsection.2.2.1}{\376\377\000O\000b\000j\000e\000t\000i\000v\000o\000\040\000G\000e\000n\000e\000r\000a\000l}{section.2.2}% 17
\BOOKMARK [2][-]{subsection.2.2.2}{\376\377\000O\000b\000j\000e\000t\000i\000v\000o\000s\000\040\000E\000s\000p\000e\000c\000\355\000f\000i\000c\000o\000s}{section.2.2}% 18
\BOOKMARK [1][-]{section.2.3}{\376\377\000J\000u\000s\000t\000i\000f\000i\000c\000a\000c\000i\000\363\000n\000\040\000d\000e\000\040\000l\000a\000\040\000i\000n\000v\000e\000s\000t\000i\000g\000a\000c\000i\000\363\000n}{chapter.2}% 19
\BOOKMARK [1][-]{section.2.4}{\376\377\000P\000l\000a\000n\000t\000e\000a\000m\000i\000e\000n\000t\000o\000\040\000d\000e\000\040\000l\000a\000\040\000H\000i\000p\000\363\000t\000e\000s\000i\000s}{chapter.2}% 20
\BOOKMARK [1][-]{section.2.5}{\376\377\000A\000l\000c\000a\000n\000c\000e\000\040\000y\000\040\000l\000i\000m\000i\000t\000a\000c\000i\000o\000n\000e\000s}{chapter.2}% 21
\BOOKMARK [2][-]{subsection.2.5.1}{\376\377\000A\000l\000c\000a\000n\000c\000e}{section.2.5}% 22
\BOOKMARK [2][-]{subsection.2.5.2}{\376\377\000L\000i\000m\000i\000t\000a\000c\000i\000o\000n\000e\000s}{section.2.5}% 23
\BOOKMARK [1][-]{section.2.6}{\376\377\000A\000p\000r\000o\000p\000i\000a\000c\000i\000\363\000n\000\040\000S\000o\000c\000i\000a\000l}{chapter.2}% 24
\BOOKMARK [0][-]{chapter.3}{\376\377\000C\000o\000n\000s\000i\000d\000e\000r\000a\000c\000i\000o\000n\000e\000s\000\040\000p\000a\000r\000a\000\040\000e\000l\000\040\000d\000i\000s\000e\000\361\000o\000\040\000d\000e\000\040\000l\000a\000\040\000m\000e\000t\000o\000d\000o\000l\000o\000g\000\355\000a}{part.1}% 25
\BOOKMARK [-1][-]{part.2}{\376\377\000I\000I\000\040\000D\000E\000S\000A\000R\000R\000O\000L\000L\000O\000\040\000D\000E\000\040\000L\000A\000\040\000I\000N\000V\000E\000S\000T\000I\000G\000A\000C\000I\000\323\000N}{}% 26
\BOOKMARK [0][-]{chapter.4}{\376\377\000M\000e\000t\000o\000d\000o\000l\000o\000g\000\355\000a\000\040\000D\000S\000M\000-\000B\000C\000D}{part.2}% 27
\BOOKMARK [1][-]{section.4.1}{\376\377\000F\000a\000s\000e\000\040\0001\000:\000\040\000B\000C\000Q\000M}{chapter.4}% 28
\BOOKMARK [1][-]{section.4.2}{\376\377\000F\000a\000s\000e\000\040\0002\000:\000\040\000P\000l\000a\000n\000e\000a\000c\000i\000\363\000n\000\040\000d\000e\000\040\000a\000c\000t\000i\000v\000i\000d\000a\000d\000e\000s}{chapter.4}% 29
\BOOKMARK [1][-]{section.4.3}{\376\377\000F\000a\000s\000e\000\040\0003\000:\000\040\000A\000d\000q\000u\000i\000s\000i\000c\000i\000\363\000n\000\040\000d\000e\000\040\000d\000a\000t\000o\000s\000\040\000o\000n\000c\000o\000l\000\363\000g\000i\000c\000o\000s}{chapter.4}% 30
\BOOKMARK [1][-]{section.4.4}{\376\377\000F\000a\000s\000e\000\040\0004\000:\000\040\000A\000n\000\341\000l\000i\000s\000i\000s\000\040\000E\000x\000p\000l\000o\000r\000a\000t\000o\000r\000i\000o\000\040\000d\000e\000\040\000d\000a\000t\000o\000s\000\040\000o\000n\000c\000o\000l\000\363\000g\000i\000c\000o\000s}{chapter.4}% 31
\BOOKMARK [2][-]{subsection.4.4.1}{\376\377\000A\000n\000\341\000l\000i\000s\000i\000s\000\040\000p\000a\000r\000c\000i\000a\000l\000\040\000d\000e\000\040\000d\000a\000t\000o\000s\000\040\000g\000e\000n\000\363\000m\000i\000c\000o\000s\000\040\000c\000r\000u\000d\000o\000s}{section.4.4}% 32
\BOOKMARK [2][-]{subsection.4.4.2}{\376\377\000T\000r\000a\000n\000s\000f\000o\000r\000m\000a\000c\000i\000\363\000n\000\040\000d\000e\000\040\000v\000a\000r\000i\000a\000b\000l\000e\000s\000\040\000g\000e\000n\000\363\000m\000i\000c\000a\000s}{section.4.4}% 33
\BOOKMARK [2][-]{subsection.4.4.3}{\376\377\000T\000r\000a\000t\000a\000m\000i\000e\000n\000t\000o\000\040\000d\000e\000\040\000d\000a\000t\000o\000s\000\040\000a\000u\000s\000e\000n\000t\000e\000s}{section.4.4}% 34
\BOOKMARK [2][-]{subsection.4.4.4}{\376\377\000A\000n\000\341\000l\000i\000s\000i\000s\000\040\000D\000e\000s\000c\000r\000i\000p\000t\000i\000v\000o\000\040}{section.4.4}% 35
\BOOKMARK [2][-]{subsection.4.4.5}{\376\377\000A\000n\000\341\000l\000i\000s\000i\000s\000\040\000d\000e\000\040\000c\000o\000r\000r\000e\000l\000a\000c\000i\000\363\000n\000\040\000d\000e\000\040\000v\000a\000r\000i\000a\000b\000l\000e\000s\000\040}{section.4.4}% 36
\BOOKMARK [1][-]{section.4.5}{\376\377\000F\000a\000s\000e\000\040\0006\000:\000\040\000M\000o\000d\000e\000l\000a\000d\000o\000\040\000y\000\040\000E\000j\000e\000c\000u\000c\000i\000\363\000n}{chapter.4}% 37
\BOOKMARK [2][-]{subsection.4.5.1}{\376\377\000A\000g\000r\000u\000p\000a\000m\000i\000e\000n\000t\000o\000\050\000C\000l\000u\000s\000t\000e\000r\000i\000n\000g\000\051}{section.4.5}% 38
\BOOKMARK [1][-]{section.4.6}{\376\377\000F\000a\000s\000e\000\040\0007\000:\000\040\000E\000v\000a\000l\000u\000a\000c\000i\000\363\000n\000\040\000e\000\040\000I\000n\000t\000e\000r\000p\000r\000e\000t\000a\000c\000i\000\363\000n}{chapter.4}% 39
\BOOKMARK [2][-]{subsection.4.6.1}{\376\377\000A\000g\000r\000u\000p\000a\000m\000i\000e\000n\000t\000o\000\040\000B\000I\000R\000C\000H}{section.4.6}% 40
\BOOKMARK [2][-]{subsection.4.6.2}{\376\377\000M\000\351\000t\000r\000i\000c\000a\000s\000\040\000p\000a\000r\000a\000\040\000l\000a\000\040\000v\000a\000l\000i\000d\000a\000c\000i\000\363\000n\000\040\000d\000e\000l\000\040\000C\000l\000u\000s\000t\000e\000r\000i\000n\000g}{section.4.6}% 41
\BOOKMARK [2][-]{subsection.4.6.3}{\376\377\000E\000v\000a\000l\000u\000a\000c\000i\000\363\000n\000\040\000d\000e\000l\000\040\000m\000o\000d\000e\000l\000o\000\040\000B\000I\000R\000C\000H}{section.4.6}% 42
\BOOKMARK [2][-]{subsection.4.6.4}{\376\377\000I\000n\000t\000e\000r\000p\000r\000e\000t\000a\000c\000i\000\363\000n\000\040\000d\000e\000\040\000l\000o\000s\000\040\000r\000e\000s\000u\000l\000t\000a\000d\000o\000s}{section.4.6}% 43
\BOOKMARK [1][-]{section.4.7}{\376\377\000F\000a\000s\000e\000\040\0008\000:\000\040\000R\000e\000t\000r\000o\000a\000l\000i\000m\000e\000n\000t\000a\000c\000i\000\363\000n\000\040\000m\000e\000d\000i\000c\000a\000\040}{chapter.4}% 44
\BOOKMARK [2][-]{subsection.4.7.1}{\376\377\000R\000e\000v\000i\000s\000i\000\363\000n\000\040\000d\000e\000\040\000r\000e\000s\000p\000u\000e\000s\000t\000a\000s}{section.4.7}% 45
\BOOKMARK [2][-]{subsection.4.7.2}{\376\377\000V\000a\000l\000o\000r\000a\000c\000i\000\363\000n\000\040\000M\000e\000d\000i\000c\000a}{section.4.7}% 46
\BOOKMARK [1][-]{section.4.8}{\376\377\000F\000a\000s\000e\000\040\0009\000:\000\040\000B\000i\000t\000\341\000c\000o\000r\000a\000\040\000p\000a\000r\000a\000\040\000e\000l\000\040\000d\000i\000a\000g\000n\000o\000s\000t\000i\000c\000o\000\040\000d\000e\000l\000\040\000c\000\341\000n\000c\000e\000r\000\040\000d\000e\000\040\000m\000a\000m\000a\000\040\000\050\000B\000C\000D\000L\000\051\000\040}{chapter.4}% 47
\BOOKMARK [-1][-]{part.3}{\376\377\000I\000I\000I\000\040\000A\000R\000Q\000U\000I\000T\000E\000C\000T\000U\000R\000A\000\040\000Y\000\040\000D\000I\000S\000E\000\321\000O}{}% 48
\BOOKMARK [0][-]{chapter.5}{\376\377\000O\000r\000g\000a\000n\000i\000z\000a\000c\000i\000\363\000n\000\040\000E\000m\000p\000r\000e\000s\000a\000r\000i\000a\000l}{part.3}% 49
\BOOKMARK [1][-]{section.5.1}{\376\377\000M\000i\000s\000i\000\363\000n}{chapter.5}% 50
\BOOKMARK [1][-]{section.5.2}{\376\377\000V\000i\000s\000i\000\363\000n}{chapter.5}% 51
\BOOKMARK [1][-]{section.5.3}{\376\377\000O\000b\000j\000e\000t\000i\000v\000o}{chapter.5}% 52
\BOOKMARK [1][-]{section.5.4}{\376\377\000A\000c\000t\000o\000r\000e\000s\000,\000R\000o\000l\000e\000s\000\040\000y\000\040\000F\000u\000n\000c\000i\000o\000n\000e\000s}{chapter.5}% 53
\BOOKMARK [1][-]{section.5.5}{\376\377\000S\000e\000r\000v\000i\000c\000i\000o\000s}{chapter.5}% 54
\BOOKMARK [0][-]{chapter.6}{\376\377\000C\000a\000p\000a\000\040\000d\000e\000\040\000M\000o\000t\000i\000v\000a\000c\000i\000\363\000n}{part.3}% 55
\BOOKMARK [1][-]{section.6.1}{\376\377\000I\000n\000t\000r\000o\000d\000u\000c\000c\000i\000\363\000n}{chapter.6}% 56
\BOOKMARK [1][-]{section.6.2}{\376\377\000P\000u\000n\000t\000o\000\040\000d\000e\000\040\000V\000i\000s\000t\000a\000\040\000d\000e\000\040\000I\000n\000t\000e\000r\000e\000s\000a\000d\000o\000s}{chapter.6}% 57
\BOOKMARK [1][-]{section.6.3}{\376\377\000P\000u\000n\000t\000o\000\040\000d\000e\000\040\000V\000i\000s\000t\000a\000\040\000d\000e\000\040\000R\000e\000a\000l\000i\000z\000a\000c\000i\000\363\000n\000\040\000d\000e\000\040\000O\000b\000j\000e\000t\000i\000v\000o\000s}{chapter.6}% 58
\BOOKMARK [1][-]{section.6.4}{\376\377\000P\000u\000n\000t\000o\000\040\000d\000e\000\040\000V\000i\000s\000t\000a\000\040\000d\000e\000\040\000C\000o\000n\000t\000r\000i\000b\000u\000c\000i\000\363\000n\000\040\000d\000e\000\040\000O\000b\000j\000e\000t\000i\000v\000o\000s}{chapter.6}% 59
\BOOKMARK [1][-]{section.6.5}{\376\377\000P\000u\000n\000t\000o\000\040\000d\000e\000\040\000V\000i\000s\000t\000a\000\040\000d\000e\000\040\000P\000r\000i\000n\000c\000i\000p\000i\000o\000s}{chapter.6}% 60
\BOOKMARK [1][-]{section.6.6}{\376\377\000P\000u\000n\000t\000o\000\040\000d\000e\000\040\000V\000i\000s\000t\000a\000\040\000d\000e\000\040\000R\000e\000a\000l\000i\000z\000a\000c\000i\000\363\000n\000\040\000d\000e\000\040\000R\000e\000q\000u\000e\000r\000i\000m\000i\000e\000n\000t\000o\000s\000\040}{chapter.6}% 61
\BOOKMARK [1][-]{section.6.7}{\376\377\000P\000u\000n\000t\000o\000\040\000d\000e\000\040\000V\000i\000s\000t\000a\000\040\000d\000e\000\040\000M\000o\000t\000i\000v\000a\000c\000i\000\363\000n\000\040}{chapter.6}% 62
\BOOKMARK [0][-]{chapter.7}{\376\377\000C\000a\000p\000a\000\040\000d\000e\000\040\000E\000s\000t\000r\000a\000t\000e\000g\000i\000a}{part.3}% 63
\BOOKMARK [1][-]{section.7.1}{\376\377\000I\000n\000t\000r\000o\000d\000u\000c\000c\000i\000\363\000n}{chapter.7}% 64
\BOOKMARK [1][-]{section.7.2}{\376\377\000P\000u\000n\000t\000o\000\040\000d\000e\000\040\000V\000i\000s\000t\000a\000\040\000d\000e\000\040\000l\000a\000\040\000E\000s\000t\000r\000a\000t\000e\000g\000i\000a}{chapter.7}% 65
\BOOKMARK [1][-]{section.7.3}{\376\377\000P\000u\000n\000t\000o\000\040\000d\000e\000\040\000V\000i\000s\000t\000a\000\040\000d\000e\000l\000\040\000M\000a\000p\000a\000\040\000d\000e\000\040\000C\000a\000p\000a\000c\000i\000d\000a\000d}{chapter.7}% 66
\BOOKMARK [1][-]{section.7.4}{\376\377\000P\000u\000n\000t\000o\000\040\000d\000e\000\040\000V\000i\000s\000t\000a\000\040\000d\000e\000\040\000l\000a\000\040\000R\000e\000a\000l\000i\000z\000a\000c\000i\000\363\000n\000\040\000d\000e\000\040\000R\000e\000s\000u\000l\000t\000a\000d\000o}{chapter.7}% 67
\BOOKMARK [1][-]{section.7.5}{\376\377\000P\000u\000n\000t\000o\000\040\000d\000e\000\040\000V\000i\000s\000t\000a\000\040\000d\000e\000\040\000M\000a\000p\000a\000\040\000d\000e\000\040\000R\000e\000c\000u\000r\000s\000o}{chapter.7}% 68
\BOOKMARK [0][-]{chapter.8}{\376\377\000C\000a\000p\000a\000\040\000d\000e\000\040\000N\000e\000g\000o\000c\000i\000o}{part.3}% 69
\BOOKMARK [1][-]{section.8.1}{\376\377\000I\000n\000t\000r\000o\000d\000u\000c\000c\000i\000\363\000n}{chapter.8}% 70
\BOOKMARK [1][-]{section.8.2}{\376\377\000P\000u\000n\000t\000o\000\040\000d\000e\000\040\000V\000i\000s\000t\000a\000\040\000d\000e\000\040\000l\000a\000\040\000O\000r\000g\000a\000n\000i\000z\000a\000c\000i\000\363\000n}{chapter.8}% 71
\BOOKMARK [1][-]{section.8.3}{\376\377\000P\000u\000n\000t\000o\000\040\000d\000e\000\040\000V\000i\000s\000t\000a\000\040\000d\000e\000\040\000C\000o\000o\000p\000e\000r\000a\000c\000i\000\363\000n\000\040\000d\000e\000\040\000A\000c\000t\000o\000r}{chapter.8}% 72
\BOOKMARK [1][-]{section.8.4}{\376\377\000P\000u\000n\000t\000o\000\040\000d\000e\000\040\000V\000i\000s\000t\000a\000\040\000d\000e\000\040\000l\000a\000\040\000F\000u\000n\000c\000i\000\363\000n\000\040\000d\000e\000\040\000N\000e\000g\000o\000c\000i\000o}{chapter.8}% 73
\BOOKMARK [1][-]{section.8.5}{\376\377\000P\000u\000n\000t\000o\000\040\000d\000e\000\040\000V\000i\000s\000t\000a\000\040\000d\000e\000\040\000P\000r\000o\000c\000e\000s\000o\000\040\000d\000e\000\040\000N\000e\000g\000o\000c\000i\000o}{chapter.8}% 74
\BOOKMARK [1][-]{section.8.6}{\376\377\000P\000u\000n\000t\000o\000\040\000d\000e\000\040\000V\000i\000s\000t\000a\000\040\000d\000e\000\040\000C\000o\000o\000p\000e\000r\000a\000c\000i\000\363\000n\000\040\000d\000e\000\040\000P\000r\000o\000c\000e\000s\000o\000\040\000d\000e\000\040\000N\000e\000g\000o\000c\000i\000o}{chapter.8}% 75
\BOOKMARK [1][-]{section.8.7}{\376\377\000P\000u\000n\000t\000o\000\040\000d\000e\000\040\000V\000i\000s\000t\000a\000\040\000d\000e\000\040\000P\000r\000o\000d\000u\000c\000t\000o}{chapter.8}% 76
\BOOKMARK [0][-]{chapter.9}{\376\377\000C\000a\000p\000a\000\040\000d\000e\000\040\000A\000p\000l\000i\000c\000a\000c\000i\000\363\000n}{part.3}% 77
\BOOKMARK [1][-]{section.9.1}{\376\377\000I\000n\000t\000r\000o\000d\000u\000c\000c\000i\000\363\000n}{chapter.9}% 78
\BOOKMARK [1][-]{section.9.2}{\376\377\000P\000u\000n\000t\000o\000\040\000d\000e\000\040\000V\000i\000s\000t\000a\000\040\000d\000e\000l\000\040\000C\000o\000m\000p\000o\000r\000t\000a\000m\000i\000e\000n\000t\000o\000\040\000d\000e\000\040\000l\000a\000\040\000A\000p\000l\000i\000c\000a\000c\000i\000\363\000n}{chapter.9}% 79
\BOOKMARK [1][-]{section.9.3}{\376\377\000P\000u\000n\000t\000o\000\040\000d\000e\000\040\000V\000i\000s\000t\000a\000\040\000d\000e\000\040\000C\000o\000o\000p\000e\000r\000a\000c\000i\000\363\000n\000\040\000d\000e\000\040\000A\000p\000l\000i\000c\000a\000c\000i\000\363\000n}{chapter.9}% 80
\BOOKMARK [1][-]{section.9.4}{\376\377\000P\000u\000n\000t\000o\000\040\000d\000e\000\040\000V\000i\000s\000t\000a\000\040\000d\000e\000\040\000l\000a\000\040\000E\000s\000t\000r\000u\000c\000t\000u\000r\000a\000\040\000d\000e\000\040\000l\000a\000\040\000A\000p\000l\000i\000c\000a\000c\000i\000\363\000n}{chapter.9}% 81
\BOOKMARK [1][-]{section.9.5}{\376\377\000P\000u\000n\000t\000o\000\040\000d\000e\000\040\000V\000i\000s\000t\000a\000\040\000d\000e\000l\000\040\000U\000s\000o\000\040\000d\000e\000\040\000l\000a\000\040\000A\000p\000l\000i\000c\000a\000c\000i\000\363\000n}{chapter.9}% 82
\BOOKMARK [0][-]{chapter.10}{\376\377\000C\000a\000p\000a\000\040\000d\000e\000\040\000T\000e\000c\000n\000o\000l\000o\000g\000\355\000a}{part.3}% 83
\BOOKMARK [1][-]{section.10.1}{\376\377\000I\000n\000t\000r\000o\000d\000u\000c\000c\000i\000\363\000n}{chapter.10}% 84
\BOOKMARK [1][-]{section.10.2}{\376\377\000P\000u\000n\000t\000o\000\040\000d\000e\000\040\000V\000i\000s\000t\000a\000\040\000d\000e\000\040\000l\000a\000\040\000I\000n\000f\000r\000a\000e\000s\000t\000r\000u\000c\000t\000u\000r\000a}{chapter.10}% 85
\BOOKMARK [1][-]{section.10.3}{\376\377\000P\000u\000n\000t\000o\000\040\000d\000e\000\040\000V\000i\000s\000t\000a\000\040\000d\000e\000l\000\040\000U\000s\000o\000\040\000d\000e\000\040\000l\000a\000\040\000I\000n\000f\000r\000a\000e\000s\000t\000r\000u\000c\000t\000u\000r\000a}{chapter.10}% 86
\BOOKMARK [1][-]{section.10.4}{\376\377\000P\000u\000n\000t\000o\000\040\000d\000e\000\040\000V\000i\000s\000t\000a\000\040\000d\000e\000\040\000I\000m\000p\000l\000e\000m\000e\000n\000t\000a\000c\000i\000\363\000n\000\040\000y\000\040\000O\000r\000g\000a\000n\000i\000z\000a\000c\000i\000\363\000n}{chapter.10}% 87
\BOOKMARK [1][-]{section.10.5}{\376\377\000P\000u\000n\000t\000o\000\040\000d\000e\000\040\000V\000i\000s\000t\000a\000\040\000d\000e\000\040\000E\000s\000t\000r\000u\000c\000t\000u\000r\000a\000\040\000d\000e\000\040\000l\000a\000\040\000I\000n\000f\000o\000r\000m\000a\000c\000i\000\363\000n}{chapter.10}% 88
\BOOKMARK [1][-]{section.10.6}{\376\377\000P\000u\000n\000t\000o\000\040\000d\000e\000\040\000V\000i\000s\000t\000a\000\040\000d\000e\000\040\000R\000e\000a\000l\000i\000z\000a\000c\000i\000\363\000n\000\040\000d\000e\000l\000\040\000S\000e\000r\000v\000i\000c\000i\000o}{chapter.10}% 89
\BOOKMARK [1][-]{section.10.7}{\376\377\000P\000u\000n\000t\000o\000\040\000d\000e\000\040\000V\000i\000s\000t\000a\000\040\000d\000e\000\040\000C\000a\000p\000a\000s}{chapter.10}% 90
\BOOKMARK [0][-]{chapter.11}{\376\377\000C\000a\000p\000a\000\040\000d\000e\000\040\000M\000i\000g\000r\000a\000c\000i\000\363\000n\000\040\000e\000\040\000I\000m\000p\000l\000e\000m\000e\000n\000t\000a\000c\000i\000\363\000n}{part.3}% 91
\BOOKMARK [1][-]{section.11.1}{\376\377\000I\000n\000t\000r\000o\000d\000u\000c\000c\000i\000\363\000n}{chapter.11}% 92
\BOOKMARK [1][-]{section.11.2}{\376\377\000P\000u\000n\000t\000o\000\040\000d\000e\000\040\000V\000i\000s\000t\000a\000\040\000d\000e\000\040\000P\000r\000o\000y\000e\000c\000t\000o}{chapter.11}% 93
\BOOKMARK [1][-]{section.11.3}{\376\377\000P\000u\000n\000t\000o\000\040\000d\000e\000\040\000V\000i\000s\000t\000a\000\040\000d\000e\000\040\000M\000i\000g\000r\000a\000c\000i\000\363\000n}{chapter.11}% 94
\BOOKMARK [1][-]{section.11.4}{\376\377\000P\000u\000n\000t\000o\000\040\000d\000e\000\040\000V\000i\000s\000t\000a\000\040\000d\000e\000\040\000M\000i\000g\000r\000a\000c\000i\000\363\000n\000\040\000e\000\040\000i\000m\000p\000l\000e\000m\000e\000n\000t\000a\000c\000i\000\363\000n}{chapter.11}% 95
\BOOKMARK [-1][-]{part.4}{\376\377\000I\000V\000\040\000A\000N\000\301\000L\000I\000S\000I\000S\000\040\000Y\000\040\000R\000E\000S\000U\000L\000T\000A\000D\000O\000S}{}% 96
\BOOKMARK [0][-]{chapter.12}{\376\377\000A\000n\000\341\000l\000i\000s\000i\000s}{part.4}% 97
\BOOKMARK [0][-]{chapter.13}{\376\377\000R\000e\000s\000u\000l\000t\000a\000d\000o\000s}{part.4}% 98
